Peak Analysis Report             20/01/2022 14:26:24               Page  1


**************************************************************************
*****           P E A K    A N A L Y S I S    R E P O R T            *****
**************************************************************************

     Detector Name:  QUINA2                          
     Sample Title:   bl11_30p                                          
     Peak Analysis Performed on:  20/01/2022 14:26:24   
               Peak Analysis From Channel:     50
               Peak Analysis To Channel:     4096

   Peak  ROI  ROI    Peak    Energy   FWHM  Net Peak  Net Area  Continuum 
    No. start end  centroid   (keV)   (keV)  Area     Uncert.    Counts 

 M  1   152-  167   155.22    72.88   0.93  1.91E+003   99.82   1.45E+004 
 m  2   152-  167   159.70    74.99   0.93  4.00E+003  118.54   1.68E+004 
 m  3   152-  167   164.53    77.26   0.94  1.64E+003  102.06   1.72E+004 
 M  4   177-  189   180.68    84.84   1.32  2.58E+003  115.14   1.83E+004 
 m  5   177-  189   186.05    87.36   1.33  1.13E+003  111.28   2.58E+004 
F   6   237-  244   240.66   113.01   0.87  1.02E+003  123.56   1.92E+004 
F   7   295-  303   299.33   140.57   0.96  1.58E+003  115.26   1.88E+004 
F   8   393-  399   395.90   185.93   1.09  6.79E+002   94.22   1.04E+004 
F   9   439-  447   444.06   208.55   1.32  1.70E+003   94.60   1.12E+004 
F  10   482-  490   486.24   228.36   1.17  7.19E+002   83.67   9.74E+003 
 M 11   503-  519   508.15   238.65   1.04  4.91E+003  102.57   7.94E+003 
 m 12   503-  519   514.85   241.80   1.04  1.02E+003   71.84   7.44E+003 
F  13   571-  579   575.43   270.25   1.34  5.21E+002   71.75   6.67E+003 
F  14   586-  593   590.82   277.48   1.10  3.39E+002   69.48   5.86E+003 
F  15   624-  633   628.57   295.21   0.94  1.79E+003   75.55   6.50E+003 
F  16   634-  643   639.04   300.13   1.02  3.33E+002   62.54   6.07E+003 
F  17   696-  701   698.45   328.03   1.19  3.45E+002   61.85   3.19E+003 
F  18   715-  725   720.29   338.29   1.06  1.11E+003   65.02   5.56E+003 
F  19   744-  754   749.32   351.92   1.12  3.57E+003   80.58   4.97E+003 
F  20   871-  881   876.71   411.76   1.33  1.36E+003   60.45   3.58E+003 
F  21   980-  990   985.70   462.95   1.27  4.93E+002   48.93   3.09E+003 
F  22  1032- 1042  1036.98   487.04   1.52  2.94E+002   46.93   2.86E+003 
F  23  1082- 1092  1087.73   510.87   2.07  2.92E+003   70.04   3.03E+003 
 M 24  1174- 1206  1180.24   554.33   1.24  2.29E+003   61.27   1.94E+003 
 m 25  1174- 1206  1190.46   559.12   1.25  7.22E+002   42.94   1.93E+003 
 m 26  1174- 1206  1201.02   564.09   1.25  7.55E+002   44.29   2.14E+003 
F  27  1236- 1247  1241.76   583.22   1.24  2.95E+003   66.90   2.54E+003 
F  28  1291- 1301  1297.41   609.36   1.29  4.10E+003   74.11   2.03E+003 
F  29  1312- 1323  1318.26   619.15   1.25  1.23E+003   50.79   2.21E+003 
F  30  1395- 1404  1398.75   656.96   0.96  1.35E+002   31.98   1.60E+003 
 M 31  1412- 1427  1416.68   665.38   1.14  1.80E+002   32.22   1.31E+003 
 m 32  1412- 1427  1421.51   667.65   1.14  1.80E+002   32.28   1.47E+003 
F  33  1481- 1491  1487.05   698.43   1.30  6.83E+002   42.76   1.67E+003 
F  34  1542- 1552  1548.32   727.21   1.36  6.30E+002   42.51   1.58E+003 
 M 35  1632- 1659  1635.75   768.28   1.38  3.72E+002   34.66   1.24E+003 
 m 36  1632- 1659  1644.98   772.62   1.38  3.33E+002   33.04   1.34E+003 
 m 37  1632- 1659  1653.45   776.59   1.38  2.04E+003   55.70   1.16E+003 
F  38  1689- 1698  1692.90   795.12   1.66  4.53E+002   39.35   1.18E+003 
F  39  1756- 1768  1762.66   827.89   1.24  4.86E+002   37.30   1.61E+003 
F  40  1826- 1838  1832.36   860.63   1.52  4.01E+002   37.69   1.53E+003 
F  41  1922- 1931  1925.44   904.35   1.26  1.05E+002   29.88   1.08E+003 
F  42  1935- 1946  1940.17   911.26   1.50  2.50E+003   58.88   1.25E+003 
Peak Analysis Report             20/01/2022 14:26:24               Page  2


   Peak  ROI  ROI    Peak    Energy   FWHM  Net Peak  Net Area  Continuum 
    No. start end  centroid   (keV)   (keV)  Area     Uncert.    Counts 

F  43  1982- 1993  1988.46   933.95   1.24  2.76E+002   32.09   1.24E+003 
 M 44  2049- 2068  2053.57   964.53   1.57  4.76E+002   34.76   1.04E+003 
 m 45  2049- 2068  2062.56   968.75   1.57  1.48E+003   48.63   1.06E+003 
F  46  2217- 2229  2222.30  1043.78   1.50  5.44E+002   36.88   1.22E+003 
 M 47  2367- 2391  2374.72  1115.38   1.59  1.00E+003   42.75   1.14E+003 
 m 48  2367- 2391  2384.94  1120.18   1.59  1.35E+003   47.23   1.20E+003 
F  49  2630- 2643  2636.10  1238.15   1.39  5.24E+002   34.93   1.23E+003 
F  50  2723- 2730  2727.33  1281.00   0.86  1.06E+002   21.03   5.21E+002 
F  51  2799- 2810  2804.89  1317.43   1.81  4.69E+002   31.62   5.92E+002 
F  52  2906- 2921  2913.73  1368.56   1.76  6.30E+003   82.42   6.91E+002 
F  53  2925- 2940  2933.00  1377.61   1.88  2.72E+002   26.92   6.68E+002 
 M 54  2978- 3005  2983.57  1401.36   1.88  1.29E+002   20.18   4.09E+002 
 m 55  2978- 3005  2997.92  1408.10   1.89  2.47E+002   23.82   4.17E+002 
F  56  3102- 3117  3110.18  1460.83   1.81  1.50E+004  123.90   4.68E+002 
F  57  3136- 3146  3139.91  1474.80   1.67  2.55E+002   21.29   2.37E+002 
F  58  3206- 3220  3213.19  1509.22   2.02  1.80E+002   20.44   3.09E+002 
 M 59  3377- 3406  3381.72  1588.38   1.91  2.80E+002   21.37   2.20E+002 
 m 60  3377- 3406  3391.16  1592.82   1.91  2.51E+002   20.31   2.45E+002 
 m 61  3377- 3406  3398.10  1596.08   1.91  1.71E+002   17.85   2.33E+002 
F  62  3445- 3456  3450.58  1620.73   1.94  9.92E+001   18.15   2.51E+002 
F  63  3466- 3478  3471.35  1630.49   2.02  1.49E+002   17.99   1.96E+002 
F  64  3532- 3545  3537.37  1661.50   1.85  1.06E+002   16.35   2.15E+002 
F  65  3678- 3694  3686.18  1731.39   3.53  5.53E+002   28.53   2.52E+002 
F  66  3749- 3765  3757.01  1764.67   1.91  1.30E+003   39.19   2.79E+002 
F  67  3926- 3939  3933.52  1847.58   1.39  1.09E+002   15.36   2.22E+002 
F  68  4083- 4091  4087.31  1919.82   1.74  5.55E+001   10.58   5.00E+001 

M = First peak in a multiplet region
m = Other peak in a multiplet region
F = Fitted singlet

Errors quoted at  1.000 sigma
