Peak Analysis Report             29/12/2021 11:39:49               Page  1


**************************************************************************
*****           P E A K    A N A L Y S I S    R E P O R T            *****
**************************************************************************

     Detector Name:  GAMMA                           
     Sample Title:   Au06_50p                                          
     Peak Analysis Performed on:  29/12/2021 11:39:49   
               Peak Analysis From Channel:    100
               Peak Analysis To Channel:     4096

   Peak  ROI  ROI    Peak    Energy   FWHM  Net Peak  Net Area  Continuum 
    No. start end  centroid   (keV)   (keV)  Area     Uncert.    Counts 

F   1   110-  127   120.58    67.01   2.69  9.71E+002   57.69   5.21E+003 
F   2   469-  481   477.83   239.12   1.39  4.63E+002   48.39   4.33E+003 
F   3   591-  601   594.86   295.57   1.26  1.67E+002   32.36   1.78E+003 
F   4   703-  718   712.78   352.47   1.91  5.63E+002   33.45   1.59E+003 
F   5   825-  846   836.64   412.27   1.68  4.52E+004  198.10   1.61E+003 
F   6  1032- 1052  1041.29   511.14   2.41  4.31E+002   24.45   7.39E+002 
F   7  1179- 1197  1190.40   583.23   1.70  3.47E+002   22.79   6.51E+002 
F   8  1238- 1250  1244.35   609.33   1.78  5.71E+002   25.86   3.65E+002 
F   9  1369- 1390  1381.38   675.64   2.33  2.76E+002   19.65   4.89E+002 
F  10  1755- 1766  1761.66   859.87   2.39  7.79E+001   12.63   1.74E+002 
F  11  1859- 1873  1866.40   910.67   1.95  4.21E+002   21.22   2.21E+002 
F  12  1910- 1918  1913.25   933.39   1.53  4.79E+001   11.31   1.26E+002 
 M 13  1974- 1992  1977.40   964.52   1.43  5.50E+001   11.96   1.45E+002 
 m 14  1974- 1992  1985.55   968.48   1.43  2.01E+002   16.71   1.82E+002 
F  15  2293- 2304  2297.17  1119.82   2.11  2.02E+002   15.97   1.60E+002 
F  16  2534- 2548  2539.81  1237.79   2.01  9.42E+001   12.07   1.55E+002 
F  17  2822- 2831  2827.11  1377.65   1.80  7.27E+001    9.84   5.50E+001 
F  18  2883- 2897  2890.65  1408.60   1.42  3.94E+001    8.30   8.57E+001 
F  19  2987- 3007  2998.57  1461.19   2.14  2.40E+003   44.36   1.03E+002 
F  20  3016- 3024  3020.71  1471.98   0.56  1.41E+001    6.58   2.50E+001 
F  21  3094- 3106  3099.64  1510.46   1.69  4.71E+001    7.55   3.24E+001 
F  22  3546- 3556  3551.41  1730.98   1.58  3.02E+001    5.94   1.42E+001 
F  23  3615- 3630  3623.92  1766.42   2.30  2.00E+002   12.95   2.69E+001 
F  24  3789- 3800  3794.95  1850.04   1.80  3.32E+001    6.23   1.88E+001 

M = First peak in a multiplet region
m = Other peak in a multiplet region
F = Fitted singlet

Errors quoted at  1.000 sigma
