Peak Analysis Report             29/12/2021 11:38:58               Page  1


**************************************************************************
*****           P E A K    A N A L Y S I S    R E P O R T            *****
**************************************************************************

     Detector Name:  GAMMA                           
     Sample Title:   pla6171221_185p HC:13:51:02 tv:3618 tr:3627       
     Peak Analysis Performed on:  29/12/2021 11:38:58   
               Peak Analysis From Channel:    100
               Peak Analysis To Channel:     4096

   Peak  ROI  ROI    Peak    Energy   FWHM  Net Peak  Net Area  Continuum 
    No. start end  centroid   (keV)   (keV)  Area     Uncert.    Counts 

F   1   469-  488   478.17   239.13   1.51  6.18E+002   45.21   4.70E+003 
F   2   587-  599   595.71   295.84   1.16  2.28E+002   32.71   1.89E+003 
F   3   707-  718   712.83   352.37   1.51  4.45E+002   34.05   1.38E+003 
F   4   826-  844   836.69   412.19   1.71  1.60E+004  121.77   1.33E+003 
F   5  1035- 1052  1041.55   511.18   2.49  4.79E+002   26.71   7.91E+002 
F   6  1179- 1197  1190.39   583.16   1.85  4.57E+002   25.56   6.36E+002 
F   7  1237- 1250  1244.53   609.35   1.79  7.18E+002   29.55   4.29E+002 
F   8  1376- 1386  1381.49   675.62   1.39  8.30E+001   15.50   2.79E+002 
F   9  1483- 1498  1487.42   726.91   1.44  1.26E+002   16.51   3.76E+002 
F  10  1622- 1633  1626.54   794.30   1.45  6.83E+001   14.32   2.62E+002 
F  11  1758- 1767  1762.50   860.19   1.67  5.66E+001   13.43   1.91E+002 
F  12  1859- 1873  1866.76   910.74   1.97  4.54E+002   23.32   2.77E+002 
F  13  1909- 1919  1914.07   933.69   1.56  5.04E+001   12.49   1.81E+002 
 M 14  1971- 1990  1976.75   964.10   2.01  9.87E+001   13.93   2.07E+002 
 m 15  1971- 1990  1985.57   968.37   2.01  2.63E+002   18.39   2.38E+002 
F  16  2047- 2055  2051.51  1000.37   1.05  3.02E+001   10.21   1.20E+002 
F  17  2291- 2303  2297.52  1119.82   1.83  2.60E+002   18.34   1.98E+002 
F  18  2534- 2543  2539.23  1237.29   1.86  9.02E+001   14.00   1.64E+002 
 M 19  2803- 2833  2809.40  1368.72   1.78  4.87E+001    9.47   8.24E+001 
 m 20  2803- 2833  2827.44  1377.50   1.79  4.80E+001    9.29   9.15E+001 
F  21  2988- 3009  2998.62  1460.85   2.21  2.79E+003   48.84   1.16E+002 
F  22  3256- 3267  3260.65  1588.54   1.77  3.03E+001    8.07   6.69E+001 
F  23  3547- 3558  3552.54  1730.94   1.59  3.22E+001    7.17   3.61E+001 
F  24  3617- 3631  3624.13  1765.88   2.13  2.70E+002   15.79   4.18E+001 

M = First peak in a multiplet region
m = Other peak in a multiplet region
F = Fitted singlet

Errors quoted at  1.000 sigma
