Peak Analysis Report             31/01/2022 12:33:25               Page  1


**************************************************************************
*****           P E A K    A N A L Y S I S    R E P O R T            *****
**************************************************************************

     Detector Name:  GAMMA                           
     Sample Title:   Co1_185p                                          
     Peak Analysis Performed on:  31/01/2022 12:33:25   
               Peak Analysis From Channel:      1
               Peak Analysis To Channel:     4096

   Peak  ROI  ROI    Peak    Energy   FWHM  Net Peak  Net Area  Continuum 
    No. start end  centroid   (keV)   (keV)  Area     Uncert.    Counts 

F   1    27-   45    35.87    25.20   3.27  2.23E+002   21.41   9.43E+002 
F   2    82-  101    92.07    58.33   2.10  7.34E+004  242.54   9.00E+003 
F   3   212-  227   219.93   114.07   2.37  1.21E+002   19.55   6.33E+002 
F   4  1038- 1048  1043.80   512.40   1.87  4.96E+001   11.03   1.48E+002 
F   5  1680- 1698  1690.95   825.91   2.20  2.21E+002   16.15   2.30E+002 
F   6  2395- 2411  2406.11  1172.99   1.38  6.71E+001   11.45   2.00E+002 
F   7  2720- 2745  2734.08  1332.39   2.38  7.04E+003   74.10   1.06E+002 
F   8  2802- 2814  2808.64  1368.65   2.28  5.69E+001    7.70   2.44E+001 
F   9  2992- 3004  2998.63  1461.07   2.07  5.78E+001    7.33   1.28E+001 
F  10  3365- 3380  3373.39  1643.50   2.87  6.40E+001    6.92   4.75E+000 
F  11  3619- 3626  3622.48  1764.86   0.75  7.58E+000    3.27   7.20E-001 

M = First peak in a multiplet region
m = Other peak in a multiplet region
F = Fitted singlet

Errors quoted at  1.000 sigma
