Peak Analysis Report             31/01/2022 12:31:54               Page  1


**************************************************************************
*****           P E A K    A N A L Y S I S    R E P O R T            *****
**************************************************************************

     Detector Name:  GAMMA                           
     Sample Title:   Co1_50p                                           
     Peak Analysis Performed on:  31/01/2022 12:31:54   
               Peak Analysis From Channel:      1
               Peak Analysis To Channel:     4096

   Peak  ROI  ROI    Peak    Energy   FWHM  Net Peak  Net Area  Continuum 
    No. start end  centroid   (keV)   (keV)  Area     Uncert.    Counts 

F   1    82-  101    91.70    58.15   2.16  1.27E+005  316.67   1.46E+004 
F   2   214-  228   221.07   114.62   2.69  3.10E+002   23.64   6.96E+002 
F   3  1036- 1055  1041.08   511.08   2.08  7.73E+001   13.68   3.92E+002 
F   4  1480- 1487  1483.40   725.30   0.50  2.56E+001    3.72   9.72E+001 
 M  5  1678- 1697  1681.46   821.31   2.15  3.63E+001   13.14   2.15E+002 
 m  6  1678- 1697  1690.62   825.74   2.15  3.41E+002   20.07   3.53E+002 
F   7  1724- 1761  1733.05   846.32   2.20  2.71E+002   18.47   6.88E+002 
F   8  2392- 2426  2405.84  1172.86   2.46  5.60E+002   23.78   5.61E+002 
F   9  2720- 2747  2733.88  1332.29   2.54  1.06E+004   89.91   3.20E+002 
F  10  2797- 2819  2808.23  1368.45   2.51  4.06E+002   18.45   1.00E+002 
F  11  2850- 2861  2853.86  1390.64   1.72  2.16E+001    7.26   5.68E+001 
F  12  3176- 3183  3179.66  1549.17   0.89  7.54E+000    3.49   7.11E+000 
F  13  3359- 3381  3372.29  1642.97   2.73  2.58E+002   14.04   1.79E+001 
F  14  3459- 3466  3462.09  1686.71   1.08  5.82E+000    3.18   6.40E+000 
F  15  3714- 3724  3718.68  1811.75   2.22  2.60E+001    5.97   2.23E+001 
F  16  4052- 4059  4056.08  1976.31   2.00  9.10E+000    3.48   4.80E+000 

M = First peak in a multiplet region
m = Other peak in a multiplet region
F = Fitted singlet

Errors quoted at  1.000 sigma
