Peak Analysis Report             29/12/2021 11:39:12               Page  1


**************************************************************************
*****           P E A K    A N A L Y S I S    R E P O R T            *****
**************************************************************************

     Detector Name:  GAMMA                           
     Sample Title:   gcr_185p1                                         
     Peak Analysis Performed on:  29/12/2021 11:39:12   
               Peak Analysis From Channel:    100
               Peak Analysis To Channel:     4096

   Peak  ROI  ROI    Peak    Energy   FWHM  Net Peak  Net Area  Continuum 
    No. start end  centroid   (keV)   (keV)  Area     Uncert.    Counts 

F   1   473-  488   477.92   239.01   1.84  9.36E+002   51.17   4.24E+003 
F   2   591-  601   595.15   295.57   1.74  3.39E+002   39.72   2.10E+003 
F   3   638-  657   646.77   320.48   1.69  1.36E+004  115.13   2.92E+003 
F   4   676-  692   684.52   338.70   1.44  1.59E+002   30.62   2.14E+003 
F   5   703-  722   712.56   352.24   1.54  6.84E+002   37.05   2.29E+003 
F   6   939-  946   942.18   463.15   1.26  6.49E+001   21.28   5.24E+002 
F   7  1031- 1049  1040.93   510.89   2.59  7.77E+002   33.18   1.13E+003 
F   8  1184- 1198  1190.27   583.10   1.79  6.56E+002   30.61   7.32E+002 
F   9  1238- 1254  1244.15   609.16   1.84  9.44E+002   33.69   7.20E+002 
F  10  1478- 1494  1487.22   726.81   2.41  1.91E+002   20.17   5.48E+002 
F  11  1620- 1633  1626.81   794.43   1.56  7.49E+001   16.10   4.05E+002 
F  12  1753- 1773  1762.22   860.05   2.75  1.74E+002   17.83   4.70E+002 
F  13  1861- 1873  1866.24   910.49   1.84  5.84E+002   26.75   3.55E+002 
 M 14  1973- 1991  1976.93   964.18   1.84  1.29E+002   16.57   2.43E+002 
 m 15  1973- 1991  1985.49   968.33   1.84  3.38E+002   22.06   3.74E+002 
F  16  2291- 2301  2296.92  1119.53   1.79  2.49E+002   19.72   2.67E+002 
F  17  2531- 2547  2540.23  1237.78   2.19  1.68E+002   16.75   3.16E+002 
F  18  2801- 2817  2808.31  1368.19   2.39  9.77E+001   12.50   1.72E+002 
F  19  2822- 2833  2827.27  1377.42   1.50  7.06E+001   11.35   1.14E+002 
F  20  2984- 3007  2998.39  1460.74   2.19  3.78E+003   56.87   1.82E+002 
F  21  3254- 3264  3260.34  1588.39   1.76  5.02E+001    9.95   8.20E+001 
F  22  3321- 3335  3327.89  1621.33   1.97  4.48E+001    8.09   5.36E+001 
F  23  3340- 3354  3348.99  1631.62   2.14  5.29E+001    8.42   5.10E+001 
F  24  3405- 3416  3412.14  1662.42   1.24  2.70E+001    6.86   3.74E+001 
F  25  3543- 3559  3551.67  1730.51   2.12  9.32E+001   10.14   5.37E+001 
F  26  3615- 3633  3623.66  1765.65   2.20  3.61E+002   18.07   6.32E+001 
F  27  3788- 3802  3795.03  1849.36   2.40  4.20E+001    7.80   4.61E+001 

M = First peak in a multiplet region
m = Other peak in a multiplet region
F = Fitted singlet

Errors quoted at  1.000 sigma
