Peak Analysis Report             29/12/2021 11:39:57               Page  1


**************************************************************************
*****           P E A K    A N A L Y S I S    R E P O R T            *****
**************************************************************************

     Detector Name:  GAMMA                           
     Sample Title:   gcr_50p                                           
     Peak Analysis Performed on:  29/12/2021 11:39:57   
               Peak Analysis From Channel:    100
               Peak Analysis To Channel:     4096

   Peak  ROI  ROI    Peak    Energy   FWHM  Net Peak  Net Area  Continuum 
    No. start end  centroid   (keV)   (keV)  Area     Uncert.    Counts 

F   1   189-  200   193.21   101.75   1.59  1.23E+003  107.17   1.89E+004 
F   2   468-  488   477.98   239.04   1.67  1.89E+003   82.60   1.66E+004 
F   3   592-  601   595.24   295.61   1.31  6.99E+002   62.36   5.25E+003 
F   4   635-  654   646.86   320.53   1.67  2.17E+005  445.08   8.24E+003 
F   5   680-  693   684.52   338.71   1.58  4.24E+002   45.96   3.69E+003 
F   6   707-  720   712.69   352.31   1.64  1.58E+003   55.17   3.37E+003 
F   7  1029- 1052  1041.28   511.05   2.62  1.64E+003   48.26   2.94E+003 
F   8  1144- 1153  1149.24   563.25   1.41  8.65E+001   28.28   1.11E+003 
F   9  1183- 1199  1190.34   583.13   1.71  1.46E+003   44.61   1.66E+003 
F  10  1232- 1251  1244.19   609.18   1.90  2.18E+003   50.46   1.82E+003 
F  11  1481- 1496  1487.80   727.09   1.69  3.13E+002   27.97   1.16E+003 
F  12  1563- 1576  1571.88   767.82   1.42  1.54E+002   24.97   1.01E+003 
F  13  1601- 1613  1608.32   785.47   1.19  9.76E+001   21.91   8.24E+002 
F  14  1615- 1638  1626.75   794.40   2.10  2.29E+002   25.38   1.46E+003 
F  15  1752- 1770  1762.06   859.98   2.03  2.17E+002   24.54   1.05E+003 
 M 16  1849- 1872  1851.91   903.54   1.95  6.86E+001   20.34   4.66E+002 
 m 17  1849- 1872  1866.35   910.54   1.95  1.27E+003   38.40   8.12E+002 
F  18  1910- 1921  1914.01   933.66   2.21  1.42E+002   21.91   5.69E+002 
 M 19  1971- 1997  1976.56   964.00   2.03  2.97E+002   23.72   5.20E+002 
 m 20  1971- 1997  1985.44   968.31   2.03  8.02E+002   31.87   6.96E+002 
 M 21  2282- 2308  2287.29  1114.85   2.07  1.71E+002   21.38   5.42E+002 
 m 22  2282- 2308  2297.21  1119.67   2.07  7.39E+002   31.20   7.58E+002 
F  23  2362- 2371  2368.01  1154.07   1.36  7.82E+001   19.54   4.78E+002 
F  24  2394- 2410  2405.34  1172.21   2.31  1.53E+002   21.20   7.01E+002 
F  25  2532- 2546  2539.36  1237.35   2.24  3.00E+002   23.84   6.31E+002 
F  26  2801- 2818  2808.60  1368.33   2.10  1.30E+003   35.72   3.85E+002 
F  27  2820- 2835  2827.19  1377.38   2.28  1.77E+002   17.58   3.47E+002 
 M 28  2870- 2896  2875.30  1400.80   1.93  6.19E+001   14.04   2.61E+002 
 m 29  2870- 2896  2889.33  1407.63   1.93  8.26E+001   14.73   3.14E+002 
F  30  2984- 3007  2998.50  1460.79   2.20  8.16E+003   83.45   3.99E+002 
F  31  3091- 3110  3098.14  1509.33   2.36  9.26E+001   12.75   2.14E+002 
F  32  3255- 3265  3260.39  1588.41   1.48  1.07E+002   14.27   1.64E+002 
F  33  3322- 3332  3327.00  1620.89   1.98  8.17E+001   11.44   9.07E+001 
F  34  3341- 3356  3348.37  1631.32   1.92  7.49E+001   11.31   1.38E+002 
F  35  3405- 3417  3410.97  1661.85   1.60  3.78E+001    9.51   1.05E+002 
F  36  3542- 3563  3552.36  1730.85   2.91  1.78E+002   13.79   1.36E+002 
F  37  3612- 3645  3623.68  1765.67   2.37  7.81E+002   26.47   2.07E+002 
F  38  3789- 3802  3794.05  1848.88   2.29  8.33E+001   11.16   1.02E+002 

M = First peak in a multiplet region
m = Other peak in a multiplet region
F = Fitted singlet

Errors quoted at  1.000 sigma
