Peak Analysis Report             29/12/2021 11:39:21               Page  1


**************************************************************************
*****           P E A K    A N A L Y S I S    R E P O R T            *****
**************************************************************************

     Detector Name:  GAMMA                           
     Sample Title:   gdy1_185p                                         
     Peak Analysis Performed on:  29/12/2021 11:39:21   
               Peak Analysis From Channel:    100
               Peak Analysis To Channel:     4096

   Peak  ROI  ROI    Peak    Energy   FWHM  Net Peak  Net Area  Continuum 
    No. start end  centroid   (keV)   (keV)  Area     Uncert.    Counts 

F   1   112-  129   122.03    67.45   3.54  2.73E+003  116.05   2.09E+004 
F   2   164-  184   174.56    92.76   1.75  1.73E+005  406.80   3.64E+004 
F   3   330-  339   334.86   170.02   1.46  2.61E+002   63.14   5.78E+003 
F   4   517-  530   521.59   260.08   1.60  5.70E+002   51.52   4.58E+003 
F   5   552-  573   563.23   280.16   1.77  2.13E+004  144.72   6.27E+003 
F   6   721-  741   732.86   362.04   1.83  3.20E+004  171.63   3.90E+003 
F   7   818-  829   823.43   405.78   1.86  3.52E+002   35.77   1.71E+003 
F   8   922-  935   928.12   456.36   1.88  1.31E+003   44.68   1.71E+003 
F   9   970-  981   976.52   479.75   1.87  1.30E+003   44.10   1.38E+003 
F  10  1038- 1055  1050.56   515.54   2.08  1.11E+003   40.44   1.74E+003 
 M 11  1097- 1122  1102.54   540.67   1.89  2.08E+002   26.05   8.72E+002 
 m 12  1097- 1122  1113.20   545.82   1.89  4.47E+003   66.41   1.03E+003 
F  13  1145- 1162  1154.18   565.64   1.91  3.58E+003   59.63   1.09E+003 
 M 14  1163- 1210  1174.52   575.48   1.86  2.14E+003   47.84   8.37E+002 
 m 15  1163- 1210  1190.15   583.04   1.86  1.03E+002   19.60   6.83E+002 
 m 16  1163- 1210  1201.03   588.30   1.86  1.30E+002   20.10   6.53E+002 
F  17  1233- 1254  1244.73   609.45   2.05  3.11E+002   23.79   8.94E+002 
F  18  1255- 1278  1267.47   620.44   1.85  2.45E+003   49.36   9.33E+002 
F  19  1281- 1305  1293.81   633.19   1.98  1.49E+004  114.46   7.81E+002 
F  20  1342- 1355  1348.84   659.82   1.95  6.24E+002   27.70   4.28E+002 
F  21  1413- 1424  1418.86   693.72   1.62  2.39E+002   19.57   3.00E+002 
F  22  1450- 1475  1462.69   714.94   2.00  1.28E+004  105.80   6.48E+002 
F  23  1478- 1491  1484.04   725.27   2.06  3.16E+002   20.88   3.29E+002 
F  24  1673- 1685  1678.68   819.57   1.71  1.46E+002   15.47   2.07E+002 
F  25  1856- 1873  1866.03   910.39   2.20  1.43E+002   13.59   1.55E+002 
F  26  2010- 2024  2018.04   984.13   2.29  1.26E+002   12.34   9.92E+001 
F  27  2026- 2045  2039.02   994.31   2.08  1.08E+003   31.38   1.48E+002 
F  28  2153- 2173  2164.06  1055.01   2.12  5.71E+002   23.06   9.66E+001 
F  29  2202- 2223  2213.29  1078.91   2.05  1.66E+003   38.35   1.15E+002 
F  30  2290- 2303  2296.71  1119.43   2.07  6.77E+001    9.50   6.38E+001 
F  31  2802- 2817  2808.93  1368.49   2.28  1.09E+002   10.15   3.02E+001 
F  32  2984- 3005  2998.18  1460.64   2.21  7.15E+002   25.08   5.45E+001 
F  33  3615- 3631  3623.11  1765.39   2.48  6.73E+001    7.56   6.62E+000 

M = First peak in a multiplet region
m = Other peak in a multiplet region
F = Fitted singlet

Errors quoted at  1.000 sigma
