Peak Analysis Report             29/12/2021 11:40:07               Page  1


**************************************************************************
*****           P E A K    A N A L Y S I S    R E P O R T            *****
**************************************************************************

     Detector Name:  GAMMA                           
     Sample Title:   gdy1_50p                                          
     Peak Analysis Performed on:  29/12/2021 11:40:07   
               Peak Analysis From Channel:    100
               Peak Analysis To Channel:     4096

   Peak  ROI  ROI    Peak    Energy   FWHM  Net Peak  Net Area  Continuum 
    No. start end  centroid   (keV)   (keV)  Area     Uncert.    Counts 

F   1   164-  184   174.20    92.59   2.01  3.78E+005  582.09   5.32E+004 
F   2   214-  223   218.19   113.78   1.36  5.05E+002   82.38   1.01E+004 
F   3   295-  311   300.59   153.50   1.79  5.53E+002   78.82   1.40E+004 
F   4   510-  531   520.93   259.75   2.30  1.29E+003   66.73   9.72E+003 
F   5   552-  574   562.86   279.99   2.08  3.80E+004  187.39   9.52E+003 
F   6   721-  743   732.49   361.87   2.14  5.45E+004  219.52   8.09E+003 
F   7   815-  829   822.66   405.41   2.03  5.72E+002   47.61   3.74E+003 
F   8   916-  935   927.67   456.15   2.15  2.25E+003   58.09   4.05E+003 
F   9   964-  987   976.29   479.64   2.17  2.21E+003   55.92   4.11E+003 
F  10  1038- 1059  1050.01   515.27   2.51  2.08E+003   53.99   3.39E+003 
F  11  1101- 1123  1112.81   545.64   2.26  7.41E+003   83.90   2.81E+003 
F  12  1142- 1161  1153.88   565.50   2.13  6.01E+003   76.81   2.20E+003 
F  13  1162- 1184  1174.24   575.35   2.13  3.56E+003   61.56   2.50E+003 
F  14  1236- 1251  1245.45   609.79   2.33  2.97E+002   27.99   1.09E+003 
F  15  1255- 1274  1267.07   620.25   2.21  3.90E+003   61.74   1.48E+003 
F  16  1281- 1305  1293.42   633.00   2.33  2.48E+004  144.36   2.17E+003 
F  17  1336- 1356  1348.53   659.67   2.19  1.13E+003   37.30   1.19E+003 
F  18  1411- 1424  1418.75   693.66   2.08  4.39E+002   26.92   6.71E+002 
F  19  1450- 1474  1462.31   714.75   2.39  2.15E+004  133.66   1.67E+003 
F  20  1478- 1495  1483.20   724.87   2.21  4.66E+002   28.98   1.04E+003 
F  21  1665- 1685  1677.94   819.21   2.56  3.59E+002   23.50   6.54E+002 
F  22  1722- 1739  1733.38   846.08   1.74  2.24E+002   20.34   5.75E+002 
F  23  1836- 1851  1843.74   899.58   2.60  1.84E+002   17.73   3.44E+002 
F  24  2007- 2023  2017.95   984.09   1.93  1.74E+002   17.08   3.16E+002 
F  25  2025- 2049  2038.62   994.12   2.47  2.60E+003   46.86   3.72E+002 
F  26  2153- 2172  2163.68  1054.82   2.57  9.90E+002   29.12   1.38E+002 
F  27  2199- 2221  2212.80  1078.67   2.53  2.94E+003   49.23   2.16E+002 
F  28  2795- 2816  2807.66  1367.87   2.47  3.43E+002   17.10   5.00E+001 
F  29  2987- 3006  2997.76  1460.43   2.65  3.51E+002   16.73   2.40E+001 
F  30  3714- 3723  3718.96  1812.19   1.60  2.68E+001    5.84   1.28E+001 

M = First peak in a multiplet region
m = Other peak in a multiplet region
F = Fitted singlet

Errors quoted at  1.000 sigma
