Peak Analysis Report             29/12/2021 11:40:16               Page  1


**************************************************************************
*****           P E A K    A N A L Y S I S    R E P O R T            *****
**************************************************************************

     Detector Name:  GAMMA                           
     Sample Title:   gpr_50p                                           
     Peak Analysis Performed on:  29/12/2021 11:40:16   
               Peak Analysis From Channel:    100
               Peak Analysis To Channel:     4096

   Peak  ROI  ROI    Peak    Energy   FWHM  Net Peak  Net Area  Continuum 
    No. start end  centroid   (keV)   (keV)  Area     Uncert.    Counts 

 M  1   474-  493   477.73   238.92   0.95  2.56E+002   63.28   5.98E+003 
 m  2   474-  493   482.57   241.25   0.95  2.36E+002   60.64   5.79E+003 
F   3   709-  721   713.15   352.53   1.74  2.98E+002   56.42   5.73E+003 
 M  4  1027- 1052  1035.67   508.34   1.92  1.94E+003   65.19   3.78E+003 
 m  5  1027- 1052  1041.68   511.25   2.86  1.69E+003   62.66   6.05E+003 
F   6  1122- 1136  1129.91   553.91   1.88  1.02E+003   49.84   3.42E+003 
F   7  1143- 1162  1151.04   564.13   1.96  2.26E+003   59.71   4.51E+003 
F   8  1182- 1196  1190.34   583.13   1.47  2.15E+002   39.97   3.29E+003 
 M  9  1227- 1250  1231.03   602.82   1.55  1.73E+002   37.05   1.91E+003 
 m 10  1227- 1250  1244.13   609.16   1.55  3.28E+002   41.04   2.37E+003 
F  11  2174- 2195  2182.96  1064.18   2.82  1.93E+003   57.44   4.74E+003 
F  12  2290- 2301  2297.11  1119.62   1.28  1.38E+002   39.44   2.72E+003 
F  13  2800- 2817  2808.86  1368.46   2.38  1.26E+003   57.41   5.24E+003 
F  14  2916- 2925  2920.90  1423.00   1.05  1.18E+002   32.74   1.79E+003 
F  15  2986- 3010  2998.74  1460.91   2.40  1.78E+003   47.29   2.43E+003 
F  16  3221- 3248  3235.33  1576.20   2.39  1.58E+005  359.53   1.36E+003 
F  17  3614- 3631  3623.60  1765.62   2.35  1.34E+002   12.04   7.70E+001 

M = First peak in a multiplet region
m = Other peak in a multiplet region
F = Fitted singlet

Errors quoted at  1.000 sigma
