Peak Analysis Report             29/12/2021 11:39:29               Page  1


**************************************************************************
*****           P E A K    A N A L Y S I S    R E P O R T            *****
**************************************************************************

     Detector Name:  GAMMA                           
     Sample Title:   gpr_185p                                          
     Peak Analysis Performed on:  29/12/2021 11:39:29   
               Peak Analysis From Channel:    100
               Peak Analysis To Channel:     4096

   Peak  ROI  ROI    Peak    Energy   FWHM  Net Peak  Net Area  Continuum 
    No. start end  centroid   (keV)   (keV)  Area     Uncert.    Counts 

F   1   473-  488   478.26   239.17   1.94  6.97E+002   64.59   8.38E+003 
F   2   707-  718   712.81   352.37   1.69  5.93E+002   46.94   3.00E+003 
 M  3  1023- 1052  1035.56   508.29   2.16  5.54E+002   53.60   2.09E+003 
 m  4  1023- 1052  1041.52   511.17   3.10  1.95E+003   60.65   3.40E+003 
F   5  1122- 1135  1130.36   554.12   1.93  3.01E+002   33.12   1.67E+003 
F   6  1143- 1157  1151.04   564.13   1.76  6.06E+002   36.43   1.72E+003 
F   7  1184- 1201  1190.80   583.35   1.76  5.22E+002   35.33   2.05E+003 
F   8  1239- 1251  1244.48   609.32   1.84  8.62E+002   38.53   1.34E+003 
F   9  1478- 1495  1487.54   726.97   2.15  2.34E+002   29.28   1.57E+003 
F  10  1859- 1877  1866.76   910.74   2.08  5.84E+002   32.53   1.44E+003 
F  11  1973- 1992  1985.36   968.28   2.35  3.46E+002   31.04   1.65E+003 
F  12  2173- 2194  2183.26  1064.33   2.86  6.23E+002   34.53   1.77E+003 
F  13  2286- 2301  2297.20  1119.66   1.73  2.97E+002   29.87   1.42E+003 
F  14  2804- 2815  2808.71  1368.38   1.89  3.81E+002   32.25   1.19E+003 
F  15  2986- 3006  2998.75  1460.91   2.24  3.41E+003   56.03   7.60E+002 
F  16  3221- 3246  3235.44  1576.25   2.25  4.73E+004  198.56   4.01E+002 
F  17  3256- 3265  3260.48  1588.46   1.66  5.11E+001    9.78   7.02E+001 
F  18  3544- 3560  3552.54  1730.94   2.45  7.37E+001    9.35   5.94E+001 
F  19  3614- 3633  3624.07  1765.85   2.34  3.28E+002   16.97   5.21E+001 
F  20  3789- 3802  3795.17  1849.42   2.06  4.79E+001    8.06   4.41E+001 

M = First peak in a multiplet region
m = Other peak in a multiplet region
F = Fitted singlet

Errors quoted at  1.000 sigma
