Peak Analysis Report             29/12/2021 11:39:36               Page  1


**************************************************************************
*****           P E A K    A N A L Y S I S    R E P O R T            *****
**************************************************************************

     Detector Name:  GAMMA                           
     Sample Title:   gzn_185p                                          
     Peak Analysis Performed on:  29/12/2021 11:39:36   
               Peak Analysis From Channel:    100
               Peak Analysis To Channel:     4096

   Peak  ROI  ROI    Peak    Energy   FWHM  Net Peak  Net Area  Continuum 
    No. start end  centroid   (keV)   (keV)  Area     Uncert.    Counts 

F   1   285-  296   291.44   149.09   1.22  2.11E+002   52.24   4.99E+003 
F   2   469-  487   477.52   238.81   2.22  5.22E+002   51.98   5.84E+003 
F   3   589-  601   594.13   295.08   1.06  1.43E+002   35.72   2.72E+003 
F   4   709-  722   712.84   352.38   1.30  3.37E+002   35.72   2.18E+003 
F   5  1029- 1052  1041.39   511.11   2.80  4.36E+003   64.18   2.34E+003 
F   6  1184- 1197  1190.18   583.06   1.80  3.63E+002   31.08   1.32E+003 
F   7  1236- 1249  1244.10   609.14   1.87  5.13E+002   32.90   1.26E+003 
F   8  1859- 1878  1866.30   910.52   2.67  3.84E+002   33.45   2.01E+003 
F   9  1977- 1990  1985.68   968.43   1.35  1.74E+002   24.01   8.98E+002 
 M 10  2274- 2303  2287.29  1114.85   2.06  4.25E+004  191.35   3.45E+002 
 m 11  2274- 2303  2297.41  1119.77   2.06  2.04E+002   16.42   2.04E+002 
F  12  2886- 2896  2889.79  1407.85   2.02  4.92E+001    9.25   6.29E+001 
F  13  2986- 3011  2998.32  1460.71   2.25  2.33E+003   44.55   1.11E+002 
F  14  3254- 3265  3261.21  1588.82   0.71  1.94E+001    6.95   5.75E+001 
F  15  3322- 3333  3327.77  1621.27   1.22  2.52E+001    6.32   2.91E+001 
F  16  3548- 3559  3552.28  1730.81   0.83  2.46E+001    6.08   2.33E+001 
F  17  3618- 3633  3623.71  1765.68   2.39  1.88E+002   13.13   3.60E+001 

M = First peak in a multiplet region
m = Other peak in a multiplet region
F = Fitted singlet

Errors quoted at  1.000 sigma
