Peak Analysis Report             4/01/2022  14:20:20               Page  1


**************************************************************************
*****           P E A K    A N A L Y S I S    R E P O R T            *****
**************************************************************************

     Detector Name:  QUINA2                          
     Sample Title:   qau6_30p                                          
     Peak Analysis Performed on:  4/01/2022  14:20:20   
               Peak Analysis From Channel:      1
               Peak Analysis To Channel:     4096

   Peak  ROI  ROI    Peak    Energy   FWHM  Net Peak  Net Area  Continuum 
    No. start end  centroid   (keV)   (keV)  Area     Uncert.    Counts 

 M  1   145-  164   150.88    70.85   0.86  7.43E+002   66.70   6.54E+003 
 m  2   145-  164   154.95    72.76   0.86  8.11E+002   68.62   5.94E+003 
 m  3   145-  164   159.71    75.00   0.86  1.61E+003   84.40   7.37E+003 
 M  4   175-  191   180.58    84.80   1.06  1.05E+003   84.66   8.91E+003 
 m  5   175-  191   185.91    87.31   1.06  3.66E+002   74.33   1.04E+004 
F   6   391-  401   395.61   185.83   1.25  4.41E+002   69.92   8.17E+003 
F   7   441-  448   445.35   209.20   0.95  2.69E+002   63.05   5.03E+003 
 M  8   504-  518   508.08   238.67   1.00  2.38E+003   74.35   4.31E+003 
 m  9   504-  518   514.94   241.90   1.00  4.80E+002   53.03   4.16E+003 
F  10   568-  579   574.96   270.10   1.06  2.59E+002   49.13   4.37E+003 
F  11   624-  634   628.58   295.29   1.09  9.36E+002   52.34   3.25E+003 
F  12   715-  727   720.20   338.33   1.25  6.69E+002   45.32   2.89E+003 
F  13   742-  756   749.27   351.99   1.11  1.86E+003   55.96   3.09E+003 
F  14   869-  882   876.70   411.86   1.13  2.64E+004  164.57   2.41E+003 
F  15   977-  989   985.76   463.10   1.57  3.07E+002   33.57   1.64E+003 
F  16  1079- 1095  1087.71   510.99   2.09  1.20E+003   42.88   1.84E+003 
F  17  1238- 1249  1241.65   583.31   1.30  1.48E+003   45.21   1.04E+003 
F  18  1291- 1302  1297.29   609.46   1.28  2.00E+003   49.81   9.34E+002 
F  19  1431- 1446  1439.14   676.10   1.34  1.35E+002   24.50   1.08E+003 
F  20  1543- 1552  1548.44   727.44   1.28  3.54E+002   27.88   6.22E+002 
F  21  1630- 1640  1636.18   768.66   1.41  2.01E+002   25.03   6.29E+002 
F  22  1685- 1698  1692.56   795.15   1.38  2.47E+002   25.08   7.25E+002 
F  23  1827- 1836  1832.31   860.80   1.55  2.47E+002   24.63   4.41E+002 
F  24  1935- 1947  1940.04   911.41   1.53  1.29E+003   39.95   5.15E+002 
F  25  1978- 1994  1988.49   934.17   1.98  1.88E+002   22.29   6.40E+002 
 M 26  2048- 2068  2053.44   964.68   1.48  2.27E+002   22.37   4.58E+002 
 m 27  2048- 2068  2062.55   968.96   1.48  7.39E+002   32.45   4.41E+002 
F  28  2377- 2394  2384.71  1120.30   1.70  6.82E+002   31.35   6.18E+002 
F  29  2453- 2463  2460.66  1155.98   1.14  5.61E+001   17.09   4.13E+002 
F  30  2630- 2640  2635.55  1238.13   1.72  2.37E+002   24.36   4.63E+002 
F  31  2928- 2940  2933.09  1377.90   1.85  1.95E+002   18.23   2.05E+002 
F  32  2993- 3002  2997.36  1408.09   1.60  1.06E+002   15.34   1.52E+002 
F  33  3099- 3120  3109.98  1460.99   1.83  7.46E+003   85.87   2.67E+002 
F  34  3180- 3190  3184.93  1496.20   1.17  4.02E+001   10.50   1.18E+002 
F  35  3204- 3217  3212.82  1509.30   1.08  6.52E+001   11.97   1.54E+002 
 M 36  3376- 3400  3381.46  1588.51   1.67  1.33E+002   14.30   1.01E+002 
 m 37  3376- 3400  3391.00  1592.99   1.67  1.16E+002   13.43   1.03E+002 
F  38  3424- 3431  3427.23  1610.01   1.09  1.95E+001    6.96   3.83E+001 
F  39  3444- 3456  3450.48  1620.93   1.60  4.90E+001   10.82   1.01E+002 
F  40  3465- 3479  3471.78  1630.93   2.00  7.47E+001   11.56   9.38E+001 
F  41  3526- 3543  3537.90  1661.99   0.74  3.45E+001    7.78   1.17E+002 
F  42  3674- 3687  3682.16  1729.75   2.00  1.16E+002   12.78   7.21E+001 
Peak Analysis Report             4/01/2022  14:20:20               Page  2


   Peak  ROI  ROI    Peak    Energy   FWHM  Net Peak  Net Area  Continuum 
    No. start end  centroid   (keV)   (keV)  Area     Uncert.    Counts 

F  43  3750- 3765  3756.84  1764.83   1.99  6.74E+002   27.19   9.54E+001 
F  44  3923- 3942  3933.40  1847.76   2.41  1.00E+002   11.87   8.47E+001 

M = First peak in a multiplet region
m = Other peak in a multiplet region
F = Fitted singlet

Errors quoted at  1.000 sigma
