Peak Analysis Report             28/12/2021 10:43:20               Page  1


**************************************************************************
*****           P E A K    A N A L Y S I S    R E P O R T            *****
**************************************************************************

     Detector Name:  QUINA2                          
     Sample Title:   qAu06_100p                                        
     Peak Analysis Performed on:  28/12/2021 10:43:20   
               Peak Analysis From Channel:      1
               Peak Analysis To Channel:     4096

   Peak  ROI  ROI    Peak    Energy   FWHM  Net Peak  Net Area  Continuum 
    No. start end  centroid   (keV)   (keV)  Area     Uncert.    Counts 

F   1    79-   87    83.17    39.04   0.97  9.22E+002   41.61   1.61E+003 
 M  2   141-  167   146.67    68.87   0.99  3.40E+002   57.20   4.86E+003 
 m  3   141-  167   150.96    70.89   1.00  6.07E+002   59.68   5.77E+003 
 m  4   141-  167   155.07    72.81   1.00  9.29E+002   64.03   5.98E+003 
 m  5   141-  167   159.65    74.97   1.00  1.74E+003   75.44   5.47E+003 
 m  6   141-  167   164.01    77.02   1.01  4.66E+002   64.73   6.52E+003 
 M  7   175-  189   180.27    84.65   1.05  7.50E+002   73.11   6.94E+003 
 m  8   175-  189   185.66    87.19   1.05  4.16E+002   68.61   8.12E+003 
F   9   503-  511   508.00   238.64   0.94  1.80E+003   68.06   4.17E+003 
F  10   573-  579   575.32   270.26   0.85  1.46E+002   43.88   2.13E+003 
F  11   623-  632   628.46   295.23   1.07  7.78E+002   48.32   2.48E+003 
F  12   714-  725   720.19   338.33   1.02  4.83E+002   41.26   2.40E+003 
F  13   744-  754   749.20   351.95   1.09  1.45E+003   50.26   1.89E+003 
F  14   869-  884   876.59   411.81   1.15  2.17E+004  148.58   2.03E+003 
F  15   981-  993   985.84   463.13   1.14  1.76E+002   26.80   1.17E+003 
F  16  1079- 1095  1087.60   510.94   2.08  9.75E+002   37.61   1.32E+003 
F  17  1233- 1250  1241.57   583.28   1.33  1.28E+003   40.81   1.12E+003 
F  18  1288- 1302  1297.21   609.42   1.31  1.61E+003   44.66   9.12E+002 
F  19  1436- 1444  1438.43   675.76   1.35  1.29E+002   21.87   5.06E+002 
F  20  1541- 1554  1548.08   727.27   1.55  3.16E+002   24.87   5.73E+002 
 M 21  1630- 1654  1635.95   768.55   1.15  1.69E+002   21.09   3.64E+002 
 m 22  1630- 1654  1644.50   772.57   1.15  8.48E+001   17.02   3.87E+002 
F  23  1665- 1676  1672.47   785.71   1.20  8.89E+001   19.41   5.37E+002 
F  24  1686- 1699  1692.63   795.18   1.42  1.57E+002   21.35   5.92E+002 
F  25  1828- 1837  1831.96   860.63   1.50  2.05E+002   21.88   3.67E+002 
F  26  1931- 1949  1939.91   911.35   1.54  9.99E+002   35.35   6.21E+002 
F  27  1980- 1995  1988.55   934.20   2.01  1.47E+002   19.24   4.55E+002 
 M 28  2043- 2072  2053.16   964.55   1.50  2.52E+002   20.93   2.93E+002 
 m 29  2043- 2072  2062.17   968.78   1.50  6.45E+002   29.62   3.04E+002 
F  30  2379- 2391  2384.61  1120.25   1.62  4.93E+002   27.62   3.90E+002 
F  31  2630- 2642  2635.97  1238.33   1.51  1.97E+002   20.57   3.86E+002 
F  32  2926- 2942  2932.66  1377.70   1.48  1.48E+002   15.84   2.19E+002 
F  33  2990- 3001  2997.04  1407.94   1.30  7.80E+001   12.96   1.49E+002 
F  34  3102- 3119  3109.75  1460.88   1.83  5.99E+003   77.11   1.99E+002 
F  35  3207- 3222  3213.03  1509.40   2.32  9.73E+001   12.23   9.33E+001 
 M 36  3374- 3399  3380.70  1588.15   1.64  9.66E+001   12.78   9.52E+001 
 m 37  3374- 3399  3390.39  1592.70   1.64  7.66E+001   11.55   9.23E+001 
F  38  3467- 3476  3471.12  1630.63   1.42  5.19E+001    9.78   5.31E+001 
F  39  3532- 3541  3536.98  1661.56   1.62  3.81E+001    9.09   4.87E+001 
F  40  3676- 3687  3681.87  1729.62   1.63  9.07E+001   11.40   4.95E+001 
F  41  3745- 3764  3756.58  1764.71   1.94  5.54E+002   24.43   8.12E+001 
F  42  3928- 3939  3933.27  1847.70   1.84  5.28E+001    9.94   5.57E+001 
Peak Analysis Report             28/12/2021 10:43:20               Page  2


   Peak  ROI  ROI    Peak    Energy   FWHM  Net Peak  Net Area  Continuum 
    No. start end  centroid   (keV)   (keV)  Area     Uncert.    Counts 


M = First peak in a multiplet region
m = Other peak in a multiplet region
F = Fitted singlet

Errors quoted at  1.000 sigma
