Peak Analysis Report             31/01/2022 12:04:46               Page  1


**************************************************************************
*****           P E A K    A N A L Y S I S    R E P O R T            *****
**************************************************************************

     Detector Name:  QUINA2                          
     Sample Title:   qbk_100p                                          
     Peak Analysis Performed on:  31/01/2022 12:04:46   
               Peak Analysis From Channel:      1
               Peak Analysis To Channel:     4096

   Peak  ROI  ROI    Peak    Energy   FWHM  Net Peak  Net Area  Continuum 
    No. start end  centroid   (keV)   (keV)  Area     Uncert.    Counts 

 M  1   150-  168   155.16    72.86   0.94  1.11E+004  244.15   9.20E+004 
 m  2   150-  168   159.65    74.97   0.94  2.33E+004  289.93   8.30E+004 
 m  3   150-  168   164.21    77.11   0.95  6.85E+003  241.84   9.78E+004 
 M  4   175-  203   180.62    84.82   1.27  1.30E+004  289.72   1.31E+005 
 m  5   175-  203   185.95    87.32   1.27  8.26E+003  270.65   1.46E+005 
 m  6   175-  203   191.33    89.85   1.28  2.81E+003  258.20   1.34E+005 
 m  7   175-  203   197.77    92.88   1.28  5.01E+003  274.63   1.36E+005 
F   8   272-  280   274.83   129.08   0.94  1.80E+003  271.54   1.16E+005 
F   9   391-  402   396.01   186.02   1.09  4.97E+003  230.54   9.96E+004 
F  10   441-  451   445.49   209.27   1.21  2.95E+003  212.28   7.69E+004 
 M 11   501-  521   508.05   238.66   1.05  3.13E+004  251.19   4.40E+004 
 m 12   501-  521   514.71   241.79   1.05  6.50E+003  172.52   4.16E+004 
F  13   570-  581   575.33   270.27   1.39  3.21E+003  173.63   5.08E+004 
F  14   587-  597   590.55   277.42   0.79  1.23E+003  168.97   4.46E+004 
F  15   623-  632   628.50   295.25   1.09  1.27E+004  185.80   3.55E+004 
F  16   635-  645   638.92   300.15   1.10  2.58E+003  151.76   3.74E+004 
F  17   696-  704   698.42   328.10   1.05  2.03E+003  140.74   2.65E+004 
F  18   715-  727   720.26   338.36   1.07  7.55E+003  156.63   3.63E+004 
F  19   741-  756   749.23   351.97   1.13  2.31E+004  196.26   3.99E+004 
F  20   867-  877   871.71   409.51   1.34  1.37E+003  115.99   2.15E+004 
F  21   930-  942   934.48   439.01   1.02  4.91E+002  100.37   2.22E+004 
F  22   978-  993   985.66   463.05   1.36  3.17E+003  113.47   2.49E+004 
F  23  1034- 1040  1036.78   487.06   0.93  2.82E+002   89.86   1.03E+004 
F  24  1079- 1095  1087.53   510.91   2.07  1.51E+004  152.68   2.36E+004 
F  25  1193- 1201  1197.72   562.68   1.22  5.64E+002   89.28   1.06E+004 
F  26  1233- 1249  1241.56   583.27   1.26  1.91E+004  161.45   1.89E+004 
F  27  1289- 1303  1297.19   609.41   1.29  2.68E+004  181.38   1.50E+004 
F  28  1413- 1423  1416.92   665.66   1.37  9.79E+002   83.40   9.62E+003 
F  29  1541- 1555  1548.30   727.38   1.41  4.53E+003   99.49   1.16E+004 
F  30  1604- 1614  1607.94   755.40   1.31  5.21E+002   74.10   8.05E+003 
 M 31  1621- 1648  1624.97   763.40   1.35  4.03E+002   66.72   6.71E+003 
 m 32  1621- 1648  1635.83   768.50   1.35  2.60E+003   85.71   7.22E+003 
 m 33  1621- 1648  1644.33   772.49   1.35  9.65E+002   70.72   7.04E+003 
 M 34  1659- 1678  1664.64   782.03   1.40  2.76E+002   62.82   7.56E+003 
 m 35  1659- 1678  1672.75   785.84   1.40  1.34E+003   78.25   7.41E+003 
F  36  1686- 1698  1692.44   795.09   1.41  2.78E+003   86.61   8.62E+003 
F  37  1712- 1722  1716.38   806.34   1.21  7.33E+002   69.96   6.96E+003 
 M 38  1763- 1795  1768.50   830.82   1.75  4.71E+002   67.68   7.39E+003 
 m 39  1763- 1795  1779.13   835.82   1.76  1.08E+003   72.86   7.95E+003 
 m 40  1763- 1795  1788.53   840.23   1.76  8.74E+002   71.66   8.50E+003 
F  41  1827- 1841  1832.18   860.74   1.50  2.88E+003   84.91   8.72E+003 
F  42  1898- 1905  1901.92   893.50   1.63  3.67E+002   68.79   4.55E+003 
Peak Analysis Report             31/01/2022 12:04:46               Page  2


   Peak  ROI  ROI    Peak    Energy   FWHM  Net Peak  Net Area  Continuum 
    No. start end  centroid   (keV)   (keV)  Area     Uncert.    Counts 

F  43  1920- 1931  1925.48   904.57   1.64  5.78E+002   70.46   6.78E+003 
F  44  1934- 1947  1939.82   911.31   1.47  1.62E+004  142.19   7.76E+003 
F  45  1982- 1995  1988.20   934.03   1.56  1.82E+003   76.68   7.40E+003 
 M 46  2045- 2068  2053.20   964.57   1.53  3.23E+003   80.95   6.20E+003 
 m 47  2045- 2068  2062.19   968.79   1.53  9.97E+003  117.28   6.09E+003 
F  48  2120- 2139  2130.25  1000.76   1.54  6.02E+002   65.37   9.65E+003 
F  49  2292- 2303  2296.30  1078.77   1.29  3.02E+002   60.39   5.70E+003 
F  50  2378- 2389  2384.47  1120.19   1.62  8.28E+003  110.37   5.71E+003 
F  51  2452- 2463  2458.62  1155.02   1.71  1.06E+003   70.44   5.73E+003 
F  52  2631- 2646  2635.57  1238.14   1.66  3.09E+003   84.54   7.70E+003 
F  53  2716- 2735  2726.56  1280.88   1.57  7.79E+002   58.82   6.80E+003 
F  54  2924- 2939  2932.60  1377.67   1.59  2.17E+003   61.95   3.24E+003 
F  55  2940- 2954  2948.68  1385.22   1.64  3.77E+002   45.44   3.01E+003 
 M 56  2972- 3003  2983.38  1401.52   1.74  7.64E+002   45.90   2.26E+003 
 m 57  2972- 3003  2997.10  1407.97   1.74  1.36E+003   54.21   2.26E+003 
F  58  3100- 3119  3109.67  1460.85   1.82  9.51E+004  306.35   3.09E+003 
 M 59  3174- 3204  3184.50  1496.00   1.84  6.48E+002   38.91   1.31E+003 
 m 60  3174- 3204  3195.77  1501.29   1.84  3.06E+002   32.84   1.34E+003 
 M 61  3207- 3229  3212.71  1509.25   1.79  1.16E+003   45.04   1.21E+003 
 m 62  3207- 3229  3220.62  1512.96   1.80  2.91E+002   31.23   1.29E+003 
 M 63  3268- 3292  3275.10  1538.55   1.89  2.59E+002   33.18   1.41E+003 
 m 64  3268- 3292  3285.20  1543.30   1.89  1.88E+002   30.82   1.36E+003 
 M 65  3359- 3410  3364.81  1580.69   1.85  3.51E+002   32.67   1.08E+003 
 m 66  3359- 3410  3370.51  1583.37   1.85  3.75E+002   32.69   1.16E+003 
 m 67  3359- 3410  3380.82  1588.21   1.85  1.89E+003   51.11   1.15E+003 
 m 68  3359- 3410  3390.50  1592.76   1.85  1.49E+003   46.91   1.13E+003 
 m 69  3359- 3410  3405.03  1599.58   1.85  1.47E+002   28.07   1.12E+003 
F  70  3441- 3456  3450.20  1620.80   1.72  8.02E+002   40.86   1.46E+003 
F  71  3466- 3479  3471.17  1630.65   1.88  9.70E+002   42.16   1.17E+003 
F  72  3484- 3497  3487.40  1638.27   1.57  2.80E+002   29.83   1.04E+003 
 M 73  3530- 3557  3536.53  1661.35   1.80  5.65E+002   35.96   1.02E+003 
 m 74  3530- 3557  3547.98  1666.73   1.80  1.24E+002   25.70   9.91E+002 
F  75  3579- 3590  3585.69  1684.44   1.76  1.12E+002   27.80   8.62E+002 
F  76  3675- 3690  3682.04  1729.69   1.87  1.46E+003   45.74   1.05E+003 
F  77  3746- 3764  3756.41  1764.63   1.94  8.39E+003   94.18   1.19E+003 
F  78  3839- 3853  3842.92  1805.26   1.15  8.38E+001   21.05   8.47E+002 
F  79  3910- 3918  3913.70  1838.51   1.14  9.93E+001   23.68   6.49E+002 
F  80  3927- 3941  3932.97  1847.56   1.88  1.09E+003   41.24   9.08E+002 
F  81  3984- 3992  3987.01  1872.94   1.50  8.97E+001   24.19   6.11E+002 
F  82  4074- 4091  4084.09  1918.54   4.35  5.49E+002   25.80   4.08E+002 

M = First peak in a multiplet region
m = Other peak in a multiplet region
F = Fitted singlet

Errors quoted at  1.000 sigma
