Peak Analysis Report             18/01/2022 11:33:06               Page  1


**************************************************************************
*****           P E A K    A N A L Y S I S    R E P O R T            *****
**************************************************************************

     Detector Name:  QUINA2                          
     Sample Title:   qpce2_30p                                         
     Peak Analysis Performed on:  18/01/2022 11:33:06   
               Peak Analysis From Channel:      1
               Peak Analysis To Channel:     4096

   Peak  ROI  ROI    Peak    Energy   FWHM  Net Peak  Net Area  Continuum 
    No. start end  centroid   (keV)   (keV)  Area     Uncert.    Counts 

F   1    80-   87    83.53    40.76   1.16  6.93E+002   34.79   5.25E+002 
 M  2   144-  158   149.13    72.82   0.99  4.09E+002   33.16   1.04E+003 
 m  3   144-  158   153.52    74.97   0.99  6.43E+002   39.14   1.13E+003 
F   4   292-  303   297.74   145.44   0.95  6.21E+004  251.41   2.46E+003 
F   5   337-  343   339.59   165.89   0.86  1.49E+002   25.22   5.99E+002 
 M  6   480-  492   483.76   236.34   0.66  4.20E+001   13.84   2.43E+002 
 m  7   480-  492   488.57   238.69   0.66  1.90E+002   27.20   2.74E+002 
    8   593-  606   600.05   293.17   0.73  1.85E+002   43.53   3.79E+002 
F   9   714-  727   719.95   351.77   1.27  1.72E+002   18.10   2.83E+002 
F  10  1188- 1199  1193.38   583.12   1.22  1.38E+002   14.53   1.25E+002 
F  11  1241- 1252  1246.93   609.30   1.18  2.08E+002   16.33   9.80E+001 
F  12  1621- 1632  1627.08   795.07   1.16  2.94E+001    8.09   6.60E+001 
F  13  1859- 1871  1865.21   911.45   1.42  1.09E+002   12.91   9.03E+001 
F  14  1978- 1988  1982.72   968.88   1.21  5.84E+001    9.85   5.94E+001 
F  15  2284- 2296  2291.97  1120.02   1.70  6.18E+001   10.34   6.35E+001 
F  16  2981- 2996  2989.10  1460.74   1.87  7.13E+002   27.47   2.60E+001 
F  17  3604- 3615  3610.57  1764.49   1.56  6.08E+001    8.38   1.00E+001 
F  18  3778- 3785  3780.79  1847.69   0.73  9.14E+000    3.50   6.80E+000 

M = First peak in a multiplet region
m = Other peak in a multiplet region
F = Fitted singlet

Errors quoted at  1.000 sigma
