Peak Analysis Report             18/01/2022 08:18:43               Page  1


**************************************************************************
*****           P E A K    A N A L Y S I S    R E P O R T            *****
**************************************************************************

     Detector Name:  QUINA2                          
     Sample Title:   qpce2_100p                                        
     Peak Analysis Performed on:  18/01/2022 08:18:42   
               Peak Analysis From Channel:      1
               Peak Analysis To Channel:     4096

   Peak  ROI  ROI    Peak    Energy   FWHM  Net Peak  Net Area  Continuum 
    No. start end  centroid   (keV)   (keV)  Area     Uncert.    Counts 

 M  1   144-  158   149.20    72.85   0.98  6.51E+002   50.31   3.01E+003 
 m  2   144-  158   153.45    74.93   0.98  1.32E+003   62.08   3.19E+003 
F   3   168-  178   173.51    84.73   0.91  4.51E+002   59.43   5.86E+003 
F   4   292-  303   297.78   145.45   0.94  4.56E+004  220.29   5.78E+003 
F   5   485-  492   488.48   238.64   0.88  7.16E+002   44.74   1.79E+003 
F   6   597-  610   604.25   295.21   1.12  4.81E+002   34.89   1.52E+003 
F   7   689-  697   692.56   338.36   1.09  2.07E+002   28.67   8.27E+002 
F   8   713-  727   720.24   351.89   1.12  7.73E+002   36.25   1.18E+003 
F   9  1039- 1053  1045.37   510.77   2.06  4.05E+002   30.86   6.93E+002 
F  10  1189- 1201  1193.60   583.20   1.28  5.16E+002   28.92   5.13E+002 
F  11  1244- 1252  1247.02   609.31   1.20  8.42E+002   33.45   2.86E+002 
F  12  1481- 1494  1488.45   727.30   1.42  1.66E+002   19.14   3.39E+002 
F  13  1566- 1575  1572.38   768.31   1.04  7.23E+001   14.91   2.45E+002 
F  14  1622- 1632  1626.84   794.93   1.29  8.34E+001   15.66   2.46E+002 
F  15  1758- 1767  1760.98   860.48   1.28  7.70E+001   14.42   1.88E+002 
F  16  1857- 1873  1864.98   911.31   1.66  4.63E+002   25.32   2.71E+002 
F  17  1906- 1916  1911.39   933.99   1.26  5.71E+001   13.06   1.76E+002 
 M 18  1970- 1991  1974.33   964.75   1.62  8.56E+001   14.09   1.68E+002 
 m 19  1970- 1991  1982.72   968.85   1.62  3.68E+002   22.75   1.62E+002 
F  20  2284- 2299  2292.17  1120.09   1.72  2.47E+002   19.56   2.30E+002 
F  21  2526- 2541  2533.19  1237.89   1.43  1.04E+002   15.21   2.50E+002 
F  22  2813- 2825  2818.95  1377.56   1.47  4.81E+001   10.65   1.07E+002 
F  23  2877- 2885  2881.89  1408.33   1.23  3.12E+001    9.23   6.99E+001 
F  24  2980- 2997  2989.28  1460.81   1.80  2.89E+003   53.95   1.11E+002 
   25  3082- 3093  3087.70  1508.92   1.26  2.28E+001   13.38   6.22E+001 
F  26  3536- 3545  3539.17  1729.60   1.79  5.35E+001    8.61   2.41E+001 
F  27  3603- 3619  3610.95  1764.68   1.98  2.59E+002   16.28   3.94E+001 
F  28  3774- 3785  3780.17  1847.41   1.95  4.06E+001    7.13   1.50E+001 

M = First peak in a multiplet region
m = Other peak in a multiplet region
F = Fitted singlet

Errors quoted at  1.000 sigma
