Peak Analysis Report             31/01/2022 12:31:06               Page  1


**************************************************************************
*****           P E A K    A N A L Y S I S    R E P O R T            *****
**************************************************************************

     Detector Name:  QUINA2                          
     Sample Title:   Co1_30p                                           
     Peak Analysis Performed on:  31/01/2022 12:31:06   
               Peak Analysis From Channel:      1
               Peak Analysis To Channel:     4096

   Peak  ROI  ROI    Peak    Energy   FWHM  Net Peak  Net Area  Continuum 
    No. start end  centroid   (keV)   (keV)  Area     Uncert.    Counts 

F   1    79-   89    83.40    39.16   1.03  3.33E+003   72.49   7.07E+003 
F   2   117-  131   124.72    58.57   0.92  1.71E+005  430.08   2.63E+004 
F   3   241-  256   247.85   116.41   2.40  6.81E+002   34.18   1.31E+003 
F   4  1292- 1300  1297.31   609.36   1.11  6.13E+001   12.73   1.34E+002 
F   5  1754- 1763  1758.97   826.20   1.36  2.45E+002   19.79   1.81E+002 
F   6  1795- 1807  1802.87   846.82   1.54  3.30E+002   23.06   2.28E+002 
F   7  2490- 2506  2497.48  1173.07   1.73  5.92E+002   28.10   2.74E+002 
F   8  2829- 2851  2836.73  1332.41   1.81  7.18E+003   85.35   2.20E+002 
F   9  2906- 2921  2913.76  1368.59   1.80  4.44E+002   23.56   1.29E+002 
F  10  3102- 3117  3109.89  1460.70   1.90  1.52E+002   12.92   2.00E+001 
F  11  3491- 3504  3497.59  1642.79   1.98  2.41E+002   16.42   3.01E+001 
F  12  3849- 3862  3855.55  1810.90   1.04  4.88E+001    7.61   1.75E+001 

M = First peak in a multiplet region
m = Other peak in a multiplet region
F = Fitted singlet

Errors quoted at  1.000 sigma
