Peak Analysis Report             31/01/2022 12:30:15               Page  1


**************************************************************************
*****           P E A K    A N A L Y S I S    R E P O R T            *****
**************************************************************************

     Detector Name:  QUINA2                          
     Sample Title:   Co1_100p                                          
     Peak Analysis Performed on:  31/01/2022 12:30:15   
               Peak Analysis From Channel:      1
               Peak Analysis To Channel:     4096

   Peak  ROI  ROI    Peak    Energy   FWHM  Net Peak  Net Area  Continuum 
    No. start end  centroid   (keV)   (keV)  Area     Uncert.    Counts 

F   1   117-  131   124.73    58.58   0.91  2.23E+005  490.78   3.41E+004 
F   2   242-  253   248.09   116.52   1.75  6.49E+002   35.90   1.34E+003 
F   3  1236- 1244  1241.25   583.03   1.00  5.04E+001   13.35   1.89E+002 
F   4  1753- 1769  1758.99   826.21   1.27  3.69E+002   23.90   3.71E+002 
F   5  1799- 1809  1803.01   846.89   1.25  1.54E+002   17.70   2.37E+002 
F   6  2492- 2509  2497.49  1173.08   1.57  1.54E+002   18.28   3.51E+002 
F   7  2825- 2851  2836.75  1332.42   1.81  1.09E+004  105.17   2.99E+002 
F   8  2907- 2920  2913.95  1368.68   1.73  1.60E+002   15.15   9.73E+001 
F   9  3101- 3116  3109.98  1460.75   1.96  1.97E+002   14.61   2.13E+001 
F  10  3492- 3504  3497.15  1642.58   1.73  1.24E+002   11.64   1.29E+001 

M = First peak in a multiplet region
m = Other peak in a multiplet region
F = Fitted singlet

Errors quoted at  1.000 sigma
