Peak Analysis Report             4/01/2022  10:53:22               Page  1


**************************************************************************
*****           P E A K    A N A L Y S I S    R E P O R T            *****
**************************************************************************

     Detector Name:  QUINA2                          
     Sample Title:   qcr_100p                                          
     Peak Analysis Performed on:  4/01/2022  10:53:22   
               Peak Analysis From Channel:      1
               Peak Analysis To Channel:     4096

   Peak  ROI  ROI    Peak    Energy   FWHM  Net Peak  Net Area  Continuum 
    No. start end  centroid   (keV)   (keV)  Area     Uncert.    Counts 

 M  1   149-  168   155.13    72.81   0.88  1.09E+003   71.44   5.83E+003 
 m  2   149-  168   159.72    74.96   0.88  2.06E+003   85.79   7.04E+003 
 m  3   149-  168   164.33    77.13   0.89  3.35E+002   67.18   7.30E+003 
 M  4   175-  190   180.57    84.76   1.01  9.93E+002   86.89   7.82E+003 
 m  5   175-  190   185.91    87.27   1.02  4.82E+002   77.07   9.15E+003 
F   6   504-  511   508.01   238.58   0.97  2.21E+003   74.46   4.19E+003 
F   7   624-  635   628.57   295.21   1.07  8.69E+002   54.83   3.78E+003 
F   8   674-  688   681.45   320.06   1.07  2.92E+004  176.83   3.91E+003 
F   9   713-  727   720.36   338.33   1.13  6.29E+002   45.81   3.13E+003 
F  10   744-  756   749.24   351.90   1.12  1.83E+003   56.97   2.54E+003 
F  11   977-  990   985.35   462.82   1.33  2.21E+002   34.64   1.79E+003 
F  12  1079- 1095  1087.57   510.84   2.23  1.48E+003   54.62   1.89E+003 
F  13  1236- 1250  1241.62   583.20   1.25  1.46E+003   46.52   1.33E+003 
F  14  1290- 1304  1297.29   609.35   1.33  2.15E+003   53.06   1.21E+003 
F  15  1543- 1555  1548.56   727.39   1.20  3.13E+002   27.90   8.45E+002 
F  16  1631- 1641  1636.04   768.48   1.14  1.29E+002   23.11   7.17E+002 
F  17  1663- 1677  1672.67   785.69   1.28  9.60E+001   23.00   8.67E+002 
F  18  1687- 1700  1693.08   795.27   1.58  2.09E+002   26.99   7.77E+002 
F  19  1829- 1836  1832.15   860.61   1.18  1.99E+002   23.58   4.09E+002 
F  20  1933- 1949  1940.00   911.27   1.49  1.25E+003   41.26   7.52E+002 
F  21  1982- 1997  1988.14   933.88   1.56  1.33E+002   22.42   6.51E+002 
 M 22  2047- 2068  2053.16   964.42   1.41  2.27E+002   22.55   4.40E+002 
 m 23  2047- 2068  2062.20   968.67   1.42  7.37E+002   33.34   4.27E+002 
F  24  2380- 2392  2384.81  1120.21   1.58  6.44E+002   33.21   5.91E+002 
F  25  2455- 2463  2459.17  1155.15   1.11  6.98E+001   18.72   3.93E+002 
F  26  2631- 2643  2635.64  1238.04   1.58  2.31E+002   24.59   5.31E+002 
F  27  2906- 2924  2913.50  1368.56   1.78  1.81E+003   44.36   3.41E+002 
F  28  2925- 2939  2932.81  1377.63   1.66  1.75E+002   17.82   2.51E+002 
 M 29  2979- 3003  2983.98  1401.67   1.81  8.57E+001   14.18   1.64E+002 
 m 30  2979- 3003  2997.82  1408.17   1.81  1.02E+002   15.27   2.14E+002 
F  31  3099- 3120  3109.91  1460.83   1.81  7.47E+003   85.31   2.93E+002 
F  32  3208- 3218  3213.02  1509.26   1.36  8.94E+001   12.57   1.05E+002 
 M 33  3376- 3398  3381.20  1588.26   1.30  1.02E+002   12.47   1.01E+002 
 m 34  3376- 3398  3390.55  1592.65   1.30  1.02E+002   12.11   7.61E+001 
F  35  3442- 3455  3449.77  1620.47   2.23  6.16E+001   10.89   1.14E+002 
F  36  3468- 3480  3471.68  1630.76   1.42  4.47E+001    9.54   1.01E+002 
F  37  3531- 3541  3537.74  1661.79   0.79  2.79E+001    8.22   8.09E+001 
F  38  3600- 3611  3603.14  1692.51   1.31  2.94E+001    7.67   6.96E+001 
F  39  3676- 3694  3685.00  1730.96   3.45  1.42E+002   12.30   1.33E+002 
F  40  3748- 3764  3756.80  1764.69   1.75  6.79E+002   24.55   1.13E+002 
F  41  3928- 3939  3933.34  1847.62   1.53  8.15E+001   10.10   9.30E+001 

M = First peak in a multiplet region
m = Other peak in a multiplet region
Peak Analysis Report             4/01/2022  10:53:22               Page  2

F = Fitted singlet

Errors quoted at  1.000 sigma
