Peak Analysis Report             29/12/2021 11:44:57               Page  1


**************************************************************************
*****           P E A K    A N A L Y S I S    R E P O R T            *****
**************************************************************************

     Detector Name:  QUINA2                          
     Sample Title:   qcr_30p                                           
     Peak Analysis Performed on:  29/12/2021 11:44:57   
               Peak Analysis From Channel:      1
               Peak Analysis To Channel:     4096

   Peak  ROI  ROI    Peak    Energy   FWHM  Net Peak  Net Area  Continuum 
    No. start end  centroid   (keV)   (keV)  Area     Uncert.    Counts 

 M  1   151-  164   155.17    72.82   0.80  7.09E+002   61.43   4.84E+003 
 m  2   151-  164   159.69    74.95   0.80  1.42E+003   73.53   5.02E+003 
 M  3   175-  191   180.67    84.80   0.99  9.38E+002   75.91   5.80E+003 
 m  4   175-  191   186.05    87.33   0.99  3.98E+002   65.56   6.83E+003 
F   5   214-  222   219.72   103.15   0.78  1.13E+003   76.13   7.94E+003 
F   6   501-  512   508.07   238.61   0.99  1.31E+003   62.00   4.65E+003 
F   7   624-  634   628.58   295.22   1.05  5.71E+002   47.85   2.88E+003 
F   8   674-  688   681.44   320.05   1.07  8.60E+004  296.41   3.39E+003 
F   9   716-  727   720.28   338.30   1.18  4.05E+002   38.18   1.70E+003 
F  10   745-  753   749.27   351.91   1.14  1.11E+003   45.66   1.16E+003 
F  11   978-  993   986.00   463.12   1.23  1.66E+002   27.29   1.30E+003 
F  12  1079- 1095  1087.64   510.87   2.38  1.42E+003   49.13   1.18E+003 
F  13  1176- 1184  1180.25   554.37   0.69  8.01E+001   19.31   6.11E+002 
F  14  1236- 1248  1241.75   583.26   1.26  8.67E+002   37.40   8.19E+002 
F  15  1290- 1305  1297.34   609.38   1.29  1.36E+003   42.35   8.28E+002 
F  16  1539- 1554  1548.23   727.23   1.81  2.59E+002   26.86   6.62E+002 
F  17  1629- 1639  1635.90   768.42   1.29  1.38E+002   21.76   4.73E+002 
F  18  1651- 1659  1652.98   776.44   0.71  7.48E+001   15.52   3.82E+002 
F  19  1690- 1702  1692.88   795.18   1.36  1.34E+002   20.32   4.90E+002 
F  20  1825- 1836  1832.23   860.64   1.22  9.38E+001   19.42   4.61E+002 
F  21  1933- 1945  1940.03   911.28   1.39  7.03E+002   32.66   5.20E+002 
F  22  1982- 1994  1988.09   933.86   1.55  8.96E+001   19.67   4.28E+002 
 M 23  2046- 2068  2053.09   964.39   1.65  1.56E+002   19.64   3.91E+002 
 m 24  2046- 2068  2062.29   968.71   1.65  4.33E+002   27.55   3.43E+002 
F  25  2379- 2390  2384.71  1120.17   1.91  4.19E+002   29.38   4.65E+002 
F  26  2630- 2641  2635.80  1238.12   1.61  1.52E+002   21.43   4.09E+002 
F  27  2903- 2920  2913.46  1368.55   1.76  4.46E+003   67.00   2.26E+002 
F  28  2927- 2938  2932.96  1377.70   1.59  1.02E+002   14.53   1.55E+002 
F  29  2994- 3003  2997.54  1408.04   0.99  3.79E+001   10.56   1.28E+002 
F  30  3099- 3120  3109.90  1460.82   1.80  4.43E+003   65.97   1.92E+002 
 M 31  3377- 3396  3380.33  1587.85   1.60  5.51E+001   11.01   9.26E+001 
 m 32  3377- 3396  3390.73  1592.74   1.60  5.53E+001   10.59   1.10E+002 
F  33  3677- 3694  3686.48  1731.66   2.81  2.62E+002   14.59   8.14E+001 
F  34  3750- 3764  3756.96  1764.77   1.80  4.16E+002   19.32   9.60E+001 

M = First peak in a multiplet region
m = Other peak in a multiplet region
F = Fitted singlet

Errors quoted at  1.000 sigma
