Peak Analysis Report             18/01/2022 11:33:14               Page  1


**************************************************************************
*****           P E A K    A N A L Y S I S    R E P O R T            *****
**************************************************************************

     Detector Name:  QUINA2                          
     Sample Title:   qpcs4_30p                                         
     Peak Analysis Performed on:  18/01/2022 11:33:14   
               Peak Analysis From Channel:     50
               Peak Analysis To Channel:     4096

   Peak  ROI  ROI    Peak    Energy   FWHM  Net Peak  Net Area  Continuum 
    No. start end  centroid   (keV)   (keV)  Area     Uncert.    Counts 

 M  1   144-  161   149.18    72.84   0.96  2.61E+003  123.71   2.10E+004 
 m  2   144-  161   153.54    74.97   0.97  5.77E+003  147.94   2.16E+004 
 m  3   144-  161   157.90    77.10   0.97  1.70E+003  124.22   2.21E+004 
 M  4   168-  184   173.53    84.74   1.18  3.02E+003  155.91   3.05E+004 
 m  5   168-  184   178.89    87.36   1.19  1.82E+003  143.21   2.78E+004 
F   6   377-  386   380.50   185.87   1.18  8.55E+002  128.96   2.26E+004 
F   7   424-  434   428.34   209.25   1.37  8.24E+002  126.61   2.07E+004 
 M  8   484-  501   488.45   238.62   1.02  6.80E+003  129.77   1.14E+004 
 m  9   484-  501   494.99   241.82   1.02  1.32E+003   88.84   1.23E+004 
F  10   546-  559   553.15   270.24   0.93  5.86E+002   84.14   1.70E+004 
F  11   564-  573   567.37   277.19   0.91  3.52E+002   82.11   1.16E+004 
F  12   598-  611   604.28   295.22   1.06  2.93E+003   97.37   1.45E+004 
F  13   612-  621   614.59   300.26   0.94  4.59E+002   79.16   1.01E+004 
F  14   666-  678   671.44   328.04   1.01  3.73E+002   75.02   1.14E+004 
F  15   689-  699   692.45   338.31   1.26  1.99E+003   90.53   8.96E+003 
F  16   713-  726   720.30   351.91   1.13  5.64E+003  104.48   1.06E+004 
F  17   940-  952   947.63   463.01   1.39  6.13E+002   73.23   7.97E+003 
F  18  1037- 1053  1045.52   510.84   2.15  3.57E+003   92.11   7.31E+003 
F  19  1161- 1170  1165.11   569.28   1.24  2.65E+002   50.67   3.38E+003 
F  20  1188- 1197  1193.58   583.20   1.30  4.31E+003   82.28   3.17E+003 
 M 21  1231- 1255  1237.56   604.69   1.29  2.13E+003   62.12   2.64E+003 
 m 22  1231- 1255  1247.04   609.32   1.29  6.19E+003   91.34   2.59E+003 
 M 23  1347- 1370  1354.12   661.65   1.35  6.24E+004  254.24   2.40E+003 
 m 24  1347- 1370  1362.28   665.64   1.35  2.28E+002   38.43   2.00E+003 
F  25  1482- 1494  1488.48   727.31   1.36  1.04E+003   50.22   2.52E+003 
 M 26  1567- 1585  1572.57   768.41   1.42  7.30E+002   46.53   1.66E+003 
 m 27  1567- 1585  1580.53   772.30   1.42  2.32E+002   35.70   1.61E+003 
F  28  1605- 1614  1608.09   785.77   1.33  3.04E+002   39.88   1.78E+003 
F  29  1621- 1635  1628.28   795.63   1.67  2.13E+003   61.47   2.59E+003 
F  30  1647- 1658  1649.78   806.14   1.37  1.70E+002   36.32   1.96E+003 
F  31  1707- 1714  1710.33   835.73   1.35  1.85E+002   37.07   1.31E+003 
F  32  1756- 1767  1761.23   860.61   1.56  5.75E+002   43.33   1.80E+003 
F  33  1861- 1870  1865.03   911.34   1.50  3.68E+003   70.79   1.47E+003 
F  34  1906- 1917  1911.92   934.25   1.45  3.85E+002   38.54   1.63E+003 
 M 35  1966- 1992  1974.30   964.74   1.54  8.10E+002   40.86   1.41E+003 
 m 36  1966- 1992  1982.75   968.87   1.54  2.33E+003   58.71   1.28E+003 
F  37  2044- 2052  2047.68  1000.60   0.84  8.69E+001   25.84   1.10E+003 
 M 38  2275- 2302  2282.15  1115.20   1.53  5.75E+002   37.71   1.29E+003 
 m 39  2275- 2302  2292.27  1120.14   1.53  2.00E+003   55.31   1.23E+003 
F  40  2354- 2370  2364.21  1155.30   1.75  2.29E+002   36.35   1.99E+003 
F  41  2393- 2410  2400.62  1173.10   1.67  1.30E+003   49.51   2.22E+003 
F  42  2527- 2541  2533.60  1238.09   1.82  7.90E+002   44.58   1.85E+003 
Peak Analysis Report             18/01/2022 11:33:14               Page  2


   Peak  ROI  ROI    Peak    Energy   FWHM  Net Peak  Net Area  Continuum 
    No. start end  centroid   (keV)   (keV)  Area     Uncert.    Counts 

F  43  2618- 2627  2621.03  1280.83   1.41  1.63E+002   28.15   8.35E+002 
F  44  2715- 2737  2726.50  1332.38   1.71  1.11E+003   40.82   1.42E+003 
F  45  2810- 2826  2819.04  1377.61   1.68  5.17E+002   31.05   8.27E+002 
 M 46  2859- 2890  2867.75  1401.41   2.08  2.31E+002   23.72   6.30E+002 
 m 47  2859- 2890  2881.14  1407.96   2.08  3.95E+002   27.82   6.24E+002 
F  48  2978- 2999  2989.28  1460.82   1.83  2.22E+004  148.83   8.55E+002 
F  49  3054- 3067  3060.96  1495.85   1.96  1.14E+002   19.72   4.17E+002 
F  50  3080- 3098  3088.38  1509.25   1.93  2.61E+002   22.17   4.97E+002 
F  51  3147- 3152  3148.71  1538.74   0.59  3.31E+001   10.58   1.50E+002 
 M 52  3244- 3267  3250.03  1588.26   1.83  3.96E+002   25.22   3.52E+002 
 m 53  3244- 3267  3259.25  1592.77   1.83  3.76E+002   24.04   2.93E+002 
F  54  3311- 3322  3316.29  1620.65   1.70  1.60E+002   18.88   2.77E+002 
F  55  3329- 3343  3336.94  1630.75   1.83  1.92E+002   19.41   3.27E+002 
F  56  3394- 3404  3399.48  1661.32   1.63  1.35E+002   16.91   2.01E+002 
F  57  3531- 3549  3539.44  1729.73   2.12  3.42E+002   21.95   3.12E+002 
F  58  3604- 3619  3610.92  1764.67   1.96  2.04E+003   45.99   2.67E+002 
F  59  3775- 3787  3780.56  1847.60   2.14  2.70E+002   19.45   1.89E+002 

M = First peak in a multiplet region
m = Other peak in a multiplet region
F = Fitted singlet

Errors quoted at  1.000 sigma
