Peak Analysis Report             31/01/2022 11:53:08               Page  1


**************************************************************************
*****           P E A K    A N A L Y S I S    R E P O R T            *****
**************************************************************************

     Detector Name:  QUINA2                          
     Sample Title:   qpcs4_100p                                        
     Peak Analysis Performed on:  31/01/2022 11:53:08   
               Peak Analysis From Channel:      1
               Peak Analysis To Channel:     4096

   Peak  ROI  ROI    Peak    Energy   FWHM  Net Peak  Net Area  Continuum 
    No. start end  centroid   (keV)   (keV)  Area     Uncert.    Counts 

F   1    79-   87    83.34    40.71   1.07  1.35E+004  171.65   2.30E+004 
 M  2   144-  161   149.14    72.86   0.97  1.11E+004  245.70   8.03E+004 
 m  3   144-  161   153.49    74.99   0.97  2.28E+004  291.19   8.28E+004 
 m  4   144-  161   157.91    77.15   0.98  6.57E+003  244.29   8.52E+004 
 M  5   168-  195   173.58    84.81   1.27  1.33E+004  317.26   1.17E+005 
 m  6   168-  195   178.80    87.36   1.27  7.90E+003  282.05   1.18E+005 
 m  7   168-  195   184.25    90.02   1.28  3.18E+003  266.96   1.20E+005 
 m  8   168-  195   190.12    92.89   1.28  4.61E+003  283.54   1.22E+005 
F   9   259-  269   263.95   128.97   1.41  2.42E+003  331.26   1.43E+005 
 M 10   313-  329   315.48   154.16   0.34  9.36E+002  730.28   3.27E+004 
 m 11   313-  329   323.64   158.14   0.35  4.50E+002  864.86   3.16E+004 
F  12   377-  386   380.62   185.99   1.23  4.96E+003  256.42   8.40E+004 
F  13   424-  434   428.34   209.31   1.09  2.90E+003  218.82   7.74E+004 
F  14   470-  478   472.79   231.03   1.11  7.11E+002  198.09   5.44E+004 
 M 15   482-  501   488.41   238.67   1.04  2.89E+004  252.77   4.01E+004 
 m 16   482-  501   494.87   241.83   1.04  5.70E+003  171.78   4.33E+004 
F  17   549-  558   552.99   270.23   1.31  2.81E+003  191.67   4.39E+004 
F  18   565-  574   567.71   277.42   0.89  1.27E+003  153.85   4.16E+004 
F  19   590-  609   604.18   295.24   1.06  1.16E+004  189.76   7.59E+004 
F  20   610-  620   614.18   300.13   1.14  2.44E+003  161.24   3.87E+004 
F  21   660-  676   671.28   328.03   1.02  2.03E+003  146.38   5.37E+004 
F  22   689-  709   692.37   338.34   1.05  6.92E+003  161.69   6.04E+004 
F  23   714-  727   720.19   351.94   1.10  2.16E+004  200.08   3.79E+004 
F  24   833-  843   838.11   409.57   1.21  1.32E+003  127.58   2.30E+004 
F  25   892-  905   898.64   439.15   2.06  8.64E+002  153.98   2.64E+004 
F  26   943-  954   947.43   462.99   1.32  2.82E+003  128.51   2.09E+004 
F  27   975-  990   983.12   480.44   3.50  7.43E+002  155.92   2.57E+004 
F  28  1037- 1052  1045.38   510.86   2.08  1.41E+004  175.49   2.32E+004 
F  29  1147- 1157  1151.13   562.55   1.34  5.86E+002   97.00   1.32E+004 
F  30  1158- 1174  1166.07   569.84   3.06  6.36E+002  128.91   2.02E+004 
F  31  1185- 1199  1193.48   583.24   1.30  1.78E+004  162.90   1.71E+004 
 M 32  1231- 1255  1237.54   604.77   1.30  1.97E+003   87.33   9.71E+003 
 m 33  1231- 1255  1246.95   609.37   1.31  2.55E+004  183.02   9.25E+003 
 M 34  1345- 1369  1354.03   661.70   1.34  5.40E+004  247.88   8.90E+003 
 m 35  1345- 1369  1361.85   665.52   1.34  9.57E+002   75.50   7.82E+003 
F  36  1482- 1496  1488.41   727.38   1.43  4.14E+003  102.18   1.18E+004 
F  37  1518- 1524  1520.07   742.85   0.83  2.00E+002   58.25   5.22E+003 
F  38  1539- 1551  1545.85   755.45   1.62  6.57E+002   82.89   9.37E+003 
 M 39  1560- 1586  1562.51   763.59   1.46  2.89E+002   64.62   4.96E+003 
 m 40  1560- 1586  1572.50   768.47   1.46  2.79E+003   90.18   6.33E+003 
 m 41  1560- 1586  1580.41   772.34   1.46  8.77E+002   71.22   6.99E+003 
 M 42  1596- 1612  1601.04   782.42   1.35  3.02E+002   62.30   6.84E+003 
Peak Analysis Report             31/01/2022 11:53:08               Page  2


   Peak  ROI  ROI    Peak    Energy   FWHM  Net Peak  Net Area  Continuum 
    No. start end  centroid   (keV)   (keV)  Area     Uncert.    Counts 

 m 43  1596- 1612  1607.82   785.74   1.36  1.04E+003   78.27   6.19E+003 
F  44  1622- 1636  1627.51   795.36   1.79  3.77E+003   99.10   9.93E+003 
F  45  1646- 1658  1649.63   806.17   1.02  6.06E+002   65.82   8.35E+003 
 M 46  1696- 1734  1699.63   830.61   1.62  2.54E+002   65.85   5.71E+003 
 m 47  1696- 1734  1710.35   835.84   1.62  9.08E+002   74.04   6.93E+003 
 m 48  1696- 1734  1719.40   840.27   1.62  6.60E+002   69.61   6.87E+003 
F  49  1756- 1770  1761.14   860.67   1.48  2.72E+003   85.98   8.96E+003 
F  50  1846- 1856  1850.90   904.54   1.47  4.83E+002   68.38   6.24E+003 
F  51  1859- 1872  1864.86   911.36   1.53  1.53E+004  139.00   7.67E+003 
 M 52  1900- 1926  1903.02   930.01   1.51  2.46E+002   57.48   4.22E+003 
 m 53  1900- 1926  1911.70   934.25   1.51  1.78E+003   74.33   5.82E+003 
F  54  1936- 1952  1943.65   949.86   2.76  8.33E+002   72.51   8.97E+003 
 M 55  1968- 1988  1973.99   964.69   1.50  2.91E+003   77.56   5.84E+003 
 m 56  1968- 1988  1982.61   968.91   1.50  9.20E+003  111.86   5.71E+003 
F  57  1990- 2001  1996.86   975.87   2.03  2.80E+002   61.35   5.69E+003 
F  58  2042- 2054  2048.13  1000.93   1.57  4.49E+002   60.67   6.39E+003 
F  59  2186- 2193  2189.21  1069.87   0.83  1.73E+002   51.34   3.73E+003 
F  60  2234- 2244  2240.42  1094.91   1.77  2.40E+002   54.54   5.07E+003 
F  61  2286- 2298  2292.13  1120.17   1.52  7.90E+003   96.50   6.37E+003 
F  62  2358- 2370  2363.43  1155.02   1.64  9.94E+002   57.54   6.17E+003 
F  63  2392- 2406  2400.44  1173.11   1.62  1.40E+003   62.97   7.12E+003 
F  64  2523- 2543  2533.41  1238.09   1.45  3.50E+003   77.52   9.92E+003 
F  65  2573- 2580  2575.64  1258.74   0.98  1.41E+002   39.52   2.88E+003 
F  66  2615- 2626  2621.40  1281.10   1.22  6.97E+002   52.15   4.15E+003 
F  67  2716- 2733  2726.97  1332.70   1.03  1.21E+003   55.42   4.57E+003 
 M 68  2863- 2887  2867.64  1401.45   1.60  6.27E+002   39.40   1.91E+003 
 m 69  2863- 2887  2880.96  1407.96   1.60  1.24E+003   46.55   2.48E+003 
F  70  2978- 2996  2989.23  1460.87   1.70  8.90E+004  274.09   3.10E+003 
F  71  3024- 3033  3028.74  1480.18   1.74  8.69E+001   25.73   1.03E+003 
 M 72  3055- 3080  3060.85  1495.88   1.58  4.55E+002   32.19   1.26E+003 
 m 73  3055- 3080  3072.56  1501.60   1.58  2.40E+002   28.37   1.48E+003 
 M 74  3080- 3100  3088.34  1509.31   1.61  1.01E+003   38.65   1.43E+003 
 m 75  3080- 3100  3095.18  1512.66   1.61  1.59E+002   25.97   1.35E+003 
 M 76  3136- 3169  3148.55  1538.74   1.62  2.14E+002   27.56   1.39E+003 
 m 77  3136- 3169  3158.42  1543.57   1.62  2.07E+002   26.80   1.31E+003 
 M 78  3226- 3283  3234.13  1580.57   1.86  3.09E+002   28.31   1.21E+003 
 m 79  3226- 3283  3239.72  1583.30   1.86  3.67E+002   28.93   1.37E+003 
 m 80  3226- 3283  3249.73  1588.19   1.86  1.86E+003   45.04   1.36E+003 
 m 81  3226- 3283  3259.07  1592.76   1.86  1.48E+003   41.01   1.34E+003 
 m 82  3226- 3283  3272.66  1599.40   1.86  1.96E+002   24.88   1.31E+003 
 M 83  3307- 3343  3316.44  1620.80   1.79  9.03E+002   34.94   1.21E+003 
 m 84  3307- 3343  3325.62  1625.28   1.80  1.18E+002   23.26   1.22E+003 
 m 85  3307- 3343  3336.74  1630.72   1.80  9.20E+002   35.52   1.23E+003 
F  86  3395- 3404  3399.47  1661.38   1.66  4.64E+002   28.94   7.75E+002 
F  87  3459- 3469  3464.81  1693.31   1.84  1.47E+002   23.06   7.62E+002 
F  88  3532- 3550  3539.41  1729.77   1.82  1.48E+003   40.25   1.24E+003 
F  89  3603- 3617  3610.93  1764.73   1.78  8.08E+003   84.09   1.03E+003 
F  90  3754- 3771  3762.61  1838.86   1.94  1.84E+002   22.81   1.05E+003 
F  91  3771- 3787  3780.66  1847.68   1.87  1.05E+003   35.17   1.01E+003 
F  92  3828- 3838  3833.24  1873.38   1.58  8.29E+001   20.52   6.89E+002 
Peak Analysis Report             31/01/2022 11:53:08               Page  3


   Peak  ROI  ROI    Peak    Energy   FWHM  Net Peak  Net Area  Continuum 
    No. start end  centroid   (keV)   (keV)  Area     Uncert.    Counts 

F  93  4076- 4091  4085.82  1996.83   3.50  3.55E+002   19.30   3.50E+002 

M = First peak in a multiplet region
m = Other peak in a multiplet region
F = Fitted singlet

Errors quoted at  1.000 sigma
