Peak Analysis Report             4/01/2022  11:27:12               Page  1


**************************************************************************
*****           P E A K    A N A L Y S I S    R E P O R T            *****
**************************************************************************

     Detector Name:  QUINA2                          
     Sample Title:   qdy2_100p                                         
     Peak Analysis Performed on:  4/01/2022  11:27:12   
               Peak Analysis From Channel:      1
               Peak Analysis To Channel:     4096

   Peak  ROI  ROI    Peak    Energy   FWHM  Net Peak  Net Area  Continuum 
    No. start end  centroid   (keV)   (keV)  Area     Uncert.    Counts 

F   1    96-  105   100.66    47.22   1.35  1.45E+005  435.08   4.87E+004 
 M  2   109-  127   114.62    53.78   0.92  5.06E+004  253.97   1.68E+004 
 m  3   109-  127   117.84    55.29   0.93  1.43E+004  153.24   1.35E+004 
 m  4   109-  127   123.35    57.88   0.93  5.82E+002   86.46   1.11E+004 
 M  5   149-  163   154.91    72.70   0.93  2.10E+003  108.91   1.54E+004 
 m  6   149-  163   159.66    74.94   0.93  4.04E+003  135.49   1.77E+004 
 M  7   175-  190   180.57    84.76   0.83  1.83E+003  129.74   2.17E+004 
 m  8   175-  190   186.28    87.44   0.83  1.19E+003  122.64   1.96E+004 
F   9   196-  206   201.64    94.65   0.89  2.76E+005  537.09   2.52E+004 
F  10   249-  260   254.47   119.47   0.79  5.42E+002   70.12   9.94E+003 
F  11   321-  333   327.35   153.71   0.99  4.77E+002   66.83   8.49E+003 
F  12   503-  513   508.06   238.60   1.10  4.41E+002   57.57   4.64E+003 
F  13   545-  559   552.59   259.52   0.91  7.53E+002   53.76   5.56E+003 
F  14   589-  602   595.56   279.71   1.06  2.69E+004  171.39   4.72E+003 
F  15   744-  756   749.46   352.00   1.51  4.01E+002   51.81   3.19E+003 
F  16   763-  777   769.95   361.63   1.12  3.77E+004  199.03   3.67E+003 
F  17   855-  865   862.68   405.19   1.24  4.47E+002   42.81   2.03E+003 
F  18   966-  976   971.02   456.08   1.19  1.55E+003   51.12   1.61E+003 
F  19  1016- 1029  1021.18   479.65   1.24  1.64E+003   50.13   1.60E+003 
F  20  1094- 1103  1097.35   515.43   1.10  1.06E+003   43.99   1.32E+003 
F  21  1142- 1156  1150.70   540.49   0.99  1.66E+002   26.67   1.35E+003 
F  22  1157- 1170  1162.10   545.85   1.25  5.12E+003   76.15   1.16E+003 
F  23  1196- 1212  1204.39   565.71   1.29  4.01E+003   68.05   1.27E+003 
F  24  1219- 1229  1225.28   575.53   1.24  2.41E+003   54.11   6.90E+002 
F  25  1236- 1248  1241.75   583.26   1.17  2.38E+002   26.13   8.02E+002 
F  26  1291- 1305  1297.66   609.53   1.93  5.78E+002   34.52   7.42E+002 
F  27  1316- 1328  1321.39   620.67   1.29  2.65E+003   55.50   6.70E+002 
F  28  1340- 1357  1348.57   633.44   1.32  1.64E+004  129.48   9.77E+002 
F  29  1400- 1413  1405.29   660.09   1.24  7.39E+002   32.34   5.21E+002 
F  30  1473- 1486  1477.79   694.14   1.45  3.17E+002   24.73   4.44E+002 
F  31  1514- 1531  1523.01   715.39   1.38  1.42E+004  120.31   6.60E+002 
F  32  1539- 1553  1544.59   725.52   1.50  3.72E+002   26.35   4.82E+002 
F  33  1742- 1752  1746.43   820.34   1.49  1.91E+002   19.68   2.36E+002 
F  34  1827- 1840  1832.16   860.61   1.14  5.15E+001   13.37   2.67E+002 
F  35  1908- 1922  1917.57   900.73   1.38  7.79E+001   14.94   2.53E+002 
F  36  1936- 1949  1940.12   911.32   1.34  2.24E+002   18.83   2.13E+002 
 M 37  2045- 2068  2052.76   964.24   1.72  7.35E+001   12.19   1.17E+002 
 m 38  2045- 2068  2062.07   968.61   1.72  1.63E+002   16.11   1.19E+002 
F  39  2091- 2099  2096.13   984.61   1.35  9.54E+001   13.81   1.00E+002 
F  40  2112- 2126  2117.84   994.81   1.51  1.25E+003   37.48   1.89E+002 
F  41  2239- 2255  2247.22  1055.58   1.56  6.19E+002   27.24   1.50E+002 
F  42  2291- 2305  2298.02  1079.45   1.63  1.79E+003   44.04   1.34E+002 
Peak Analysis Report             4/01/2022  11:27:12               Page  2


   Peak  ROI  ROI    Peak    Energy   FWHM  Net Peak  Net Area  Continuum 
    No. start end  centroid   (keV)   (keV)  Area     Uncert.    Counts 

F  43  2376- 2391  2384.73  1120.18   1.60  1.36E+002   15.05   1.44E+002 
F  44  2906- 2920  2913.49  1368.56   1.91  1.79E+002   14.43   5.26E+001 
F  45  3103- 3119  3110.01  1460.87   1.79  1.33E+003   36.46   5.60E+001 
F  46  3750- 3763  3756.55  1764.58   1.71  1.09E+002    9.54   1.15E+001 

M = First peak in a multiplet region
m = Other peak in a multiplet region
F = Fitted singlet

Errors quoted at  1.000 sigma
