Peak Analysis Report             29/12/2021 11:47:51               Page  1


**************************************************************************
*****           P E A K    A N A L Y S I S    R E P O R T            *****
**************************************************************************

     Detector Name:  QUINA2                          
     Sample Title:   qdy2_30p                                          
     Peak Analysis Performed on:  29/12/2021 11:47:51   
               Peak Analysis From Channel:      1
               Peak Analysis To Channel:     4096

   Peak  ROI  ROI    Peak    Energy   FWHM  Net Peak  Net Area  Continuum 
    No. start end  centroid   (keV)   (keV)  Area     Uncert.    Counts 

 M  1   109-  122   114.57    53.75   0.95  5.77E+004  281.10   2.39E+004 
 m  2   109-  122   117.75    55.25   0.95  1.75E+004  178.53   1.99E+004 
 M  3   149-  164   154.84    72.67   1.34  3.50E+003  142.55   2.75E+004 
 m  4   149-  164   159.54    74.88   1.34  4.94E+003  161.71   2.70E+004 
 M  5   175-  190   180.36    84.66   0.76  4.92E+002  293.27   1.98E+004 
 m  6   175-  190   186.16    87.38   0.76  3.85E+002  229.28   2.08E+004 
F   7   196-  206   201.59    94.63   0.93  3.41E+005  602.22   3.61E+004 
F   8   240-  250   244.99   115.02   1.00  7.02E+002   87.48   1.28E+004 
F   9   252-  259   254.38   119.43   0.96  5.29E+002   83.45   8.85E+003 
F  10   324-  333   327.45   153.76   0.85  3.95E+002   67.39   7.42E+003 
F  11   549-  558   552.37   259.42   1.04  7.82E+002   55.84   3.57E+003 
F  12   588-  602   595.51   279.68   1.09  2.74E+004  174.16   5.72E+003 
F  13   692-  701   694.84   326.34   1.04  1.98E+002   43.52   2.64E+003 
F  14   764-  777   769.90   361.60   1.16  3.65E+004  198.48   4.79E+003 
F  15   858-  866   862.97   405.33   1.17  2.93E+002   43.72   2.12E+003 
F  16   965-  978   970.90   456.03   1.25  1.48E+003   52.31   2.34E+003 
F  17  1017- 1028  1021.05   479.59   1.17  1.39E+003   48.93   1.73E+003 
F  18  1093- 1105  1097.45   515.48   1.22  1.13E+003   46.67   1.80E+003 
F  19  1146- 1155  1150.82   540.55   0.75  1.17E+002   23.36   1.01E+003 
F  20  1157- 1170  1162.05   545.82   1.32  4.77E+003   75.14   1.44E+003 
F  21  1198- 1212  1204.38   565.70   1.37  3.76E+003   67.57   1.39E+003 
F  22  1219- 1231  1225.34   575.56   1.30  2.12E+003   53.78   1.23E+003 
F  23  1316- 1329  1321.35   620.65   1.32  2.46E+003   55.29   1.00E+003 
F  24  1339- 1357  1348.54   633.43   1.37  1.58E+004  129.03   1.71E+003 
F  25  1400- 1412  1405.36   660.12   1.33  6.81E+002   35.21   8.64E+002 
F  26  1473- 1484  1477.66   694.08   1.32  2.26E+002   24.75   5.81E+002 
F  27  1516- 1531  1522.99   715.38   1.42  1.35E+004  119.18   1.13E+003 
F  28  1542- 1553  1544.44   725.45   1.15  3.60E+002   28.42   7.91E+002 
F  29  1741- 1754  1746.16   820.21   1.43  1.84E+002   21.18   4.22E+002 
F  30  1908- 1926  1917.06   900.49   2.38  1.97E+002   20.52   3.20E+002 
F  31  1935- 1949  1939.95   911.24   1.33  5.43E+001   13.17   2.10E+002 
F  32  2091- 2102  2096.46   984.76   2.11  1.37E+002   17.27   1.55E+002 
F  33  2111- 2127  2117.86   994.82   1.69  1.76E+003   44.41   2.23E+002 
F  34  2238- 2253  2247.11  1055.53   1.64  6.49E+002   27.77   1.17E+002 
F  35  2292- 2307  2298.04  1079.46   1.60  1.72E+003   43.36   1.99E+002 
F  36  2906- 2920  2913.40  1368.52   1.90  1.89E+002   14.19   2.81E+001 
F  37  3102- 3118  3110.04  1460.89   1.98  3.22E+002   17.74   2.98E+001 

M = First peak in a multiplet region
m = Other peak in a multiplet region
F = Fitted singlet

Errors quoted at  1.000 sigma
