Peak Analysis Report             18/01/2022 08:19:41               Page  1


**************************************************************************
*****           P E A K    A N A L Y S I S    R E P O R T            *****
**************************************************************************

     Detector Name:  QUINA2                          
     Sample Title:   qpr_100p                                          
     Peak Analysis Performed on:  18/01/2022 08:19:41   
               Peak Analysis From Channel:      1
               Peak Analysis To Channel:     4096

   Peak  ROI  ROI    Peak    Energy   FWHM  Net Peak  Net Area  Continuum 
    No. start end  centroid   (keV)   (keV)  Area     Uncert.    Counts 

 M  1   150-  164   155.20    72.84   0.88  9.38E+002   81.73   1.00E+004 
 m  2   150-  164   159.68    74.95   0.88  1.95E+003   97.35   1.01E+004 
 M  3   175-  191   180.50    84.72   1.13  1.43E+003  102.56   1.21E+004 
 m  4   175-  191   186.31    87.45   1.14  4.23E+002   83.88   1.06E+004 
F   5   502-  511   508.13   238.64   0.93  5.92E+002   58.11   4.67E+003 
F   6   625-  635   628.69   295.27   0.86  2.20E+002   44.10   3.48E+003 
F   7   745-  756   749.21   351.89   0.98  5.19E+002   44.76   2.94E+003 
 M  8  1078- 1095  1081.97   508.20   1.43  9.94E+002   45.10   1.29E+003 
 m  9  1078- 1095  1087.79   510.94   2.06  1.71E+003   56.90   2.06E+003 
F  10  1175- 1185  1179.20   553.88   1.24  5.94E+002   38.85   1.36E+003 
F  11  1192- 1207  1200.94   564.09   1.25  4.87E+002   37.36   1.99E+003 
F  12  1236- 1246  1241.53   583.16   1.31  4.18E+002   36.66   1.32E+003 
F  13  1288- 1305  1297.48   609.44   1.26  5.82E+002   37.42   2.02E+003 
F  14  1828- 1838  1832.12   860.59   1.09  1.02E+002   26.81   1.06E+003 
F  15  1930- 1946  1940.06   911.30   1.56  4.15E+002   35.49   1.56E+003 
F  16  2057- 2070  2062.43   968.78   1.75  2.30E+002   35.42   1.41E+003 
F  17  2259- 2276  2266.15  1064.47   2.72  9.54E+002   48.23   1.87E+003 
F  18  2379- 2394  2384.72  1120.17   1.92  2.19E+002   38.03   1.86E+003 
F  19  2909- 2919  2913.54  1368.58   1.68  7.08E+002   43.51   1.47E+003 
F  20  3103- 3116  3110.03  1460.88   1.86  2.28E+003   50.77   6.26E+002 
F  21  3346- 3366  3354.68  1575.80   1.83  6.42E+004  242.19   4.54E+002 
F  22  3748- 3761  3756.51  1764.55   1.77  1.85E+002   12.88   4.55E+001 

M = First peak in a multiplet region
m = Other peak in a multiplet region
F = Fitted singlet

Errors quoted at  1.000 sigma
