Peak Analysis Report             29/12/2021 11:48:01               Page  1


**************************************************************************
*****           P E A K    A N A L Y S I S    R E P O R T            *****
**************************************************************************

     Detector Name:  QUINA2                          
     Sample Title:   qpr_30p                                           
     Peak Analysis Performed on:  29/12/2021 11:48:00   
               Peak Analysis From Channel:      1
               Peak Analysis To Channel:     4096

   Peak  ROI  ROI    Peak    Energy   FWHM  Net Peak  Net Area  Continuum 
    No. start end  centroid   (keV)   (keV)  Area     Uncert.    Counts 

 M  1   151-  164   155.17    72.83   0.97  1.09E+003   96.15   1.26E+004 
 m  2   151-  164   159.69    74.95   0.97  1.80E+003  107.40   1.25E+004 
F   3   176-  185   180.38    84.67   1.01  1.05E+003  108.03   1.69E+004 
 M  4  1077- 1096  1082.02   508.23   1.50  1.19E+003   48.51   1.49E+003 
 m  5  1077- 1096  1088.07   511.07   2.13  1.65E+003   55.89   1.99E+003 
F   6  1175- 1186  1178.93   553.75   1.25  7.46E+002   42.13   1.67E+003 
F   7  1195- 1212  1200.91   564.08   1.31  7.17E+002   42.77   2.60E+003 
F   8  1239- 1249  1241.32   583.06   0.97  1.57E+002   29.19   1.40E+003 
F   9  1291- 1304  1296.81   609.12   1.36  2.39E+002   34.10   1.65E+003 
F  10  1933- 1944  1939.72   911.13   0.97  1.27E+002   28.98   1.50E+003 
F  11  2256- 2276  2266.36  1064.57   2.44  1.26E+003   55.64   3.01E+003 
F  12  2905- 2921  2913.53  1368.58   1.56  7.71E+002   48.65   3.31E+003 
F  13  3101- 3121  3109.93  1460.84   1.84  7.15E+002   34.91   1.26E+003 
F  14  3343- 3366  3354.67  1575.80   1.84  8.83E+004  284.06   1.12E+003 
F  15  3680- 3692  3687.03  1731.92   2.06  5.55E+001    8.79   6.88E+001 
F  16  3753- 3763  3757.08  1764.82   1.47  5.10E+001    8.33   5.38E+001 

M = First peak in a multiplet region
m = Other peak in a multiplet region
F = Fitted singlet

Errors quoted at  1.000 sigma
