Peak Analysis Report             18/01/2022 11:33:34               Page  1


**************************************************************************
*****           P E A K    A N A L Y S I S    R E P O R T            *****
**************************************************************************

     Detector Name:  QUINA2                          
     Sample Title:   qprb4_30p                                         
     Peak Analysis Performed on:  18/01/2022 11:33:34   
               Peak Analysis From Channel:     50
               Peak Analysis To Channel:     4096

   Peak  ROI  ROI    Peak    Energy   FWHM  Net Peak  Net Area  Continuum 
    No. start end  centroid   (keV)   (keV)  Area     Uncert.    Counts 

 M  1   144-  161   149.30    72.90   0.97  5.58E+003  177.03   4.25E+004 
 m  2   144-  161   153.54    74.97   0.97  1.18E+004  211.10   4.39E+004 
 m  3   144-  161   157.92    77.11   0.98  3.10E+003  176.25   4.51E+004 
 M  4   168-  182   173.67    84.81   1.04  5.22E+003  214.56   4.95E+004 
 m  5   168-  182   178.74    87.29   1.05  2.53E+003  193.23   5.09E+004 
F   6   376-  386   380.67   185.96   1.12  2.11E+003  175.45   4.79E+004 
F   7   424-  434   428.35   209.26   1.22  1.41E+003  167.71   4.09E+004 
 M  8   483-  501   488.48   238.64   1.05  1.44E+004  181.61   2.08E+004 
 m  9   483-  501   494.84   241.75   1.06  2.96E+003  124.27   2.25E+004 
F  10   550-  559   553.12   270.22   1.59  1.67E+003  144.79   2.24E+004 
F  11   565-  573   567.41   277.20   0.92  6.17E+002  113.96   1.98E+004 
F  12   601-  609   604.25   295.21   1.11  6.08E+003  137.07   1.70E+004 
F  13   610-  621   614.38   300.16   1.49  1.27E+003  131.10   2.18E+004 
F  14   666-  678   671.33   327.99   1.17  1.09E+003  109.20   2.05E+004 
F  15   688-  699   692.41   338.29   1.12  3.60E+003  117.51   1.83E+004 
F  16   715-  726   720.29   351.91   1.12  1.11E+004  144.92   1.69E+004 
F  17   836-  845   838.04   409.45   0.84  5.16E+002   75.66   1.10E+004 
F  18   944-  954   947.60   462.99   1.39  1.45E+003   89.93   9.68E+003 
F  19  1037- 1053  1045.53   510.85   2.14  7.10E+003  125.81   1.31E+004 
F  20  1185- 1200  1193.58   583.20   1.28  8.70E+003  116.88   1.08E+004 
 M 21  1235- 1255  1237.88   604.85   1.29  3.57E+002   60.85   4.54E+003 
 m 22  1235- 1255  1247.05   609.32   1.29  1.27E+004  131.90   5.48E+003 
F  23  1358- 1367  1361.95   665.47   1.07  3.67E+002   60.61   5.69E+003 
F  24  1484- 1493  1488.54   727.34   1.40  2.16E+003   79.33   5.20E+003 
F  25  1542- 1550  1546.06   755.45   1.06  3.00E+002   58.14   4.76E+003 
 M 26  1567- 1586  1572.56   768.40   1.26  1.19E+003   69.48   4.76E+003 
 m 27  1567- 1586  1580.59   772.33   1.27  3.62E+002   54.68   4.66E+003 
F  28  1604- 1616  1608.09   785.77   1.12  4.16E+002   60.42   6.84E+003 
F  29  1618- 1633  1627.17   795.09   1.69  1.46E+003   79.01   8.15E+003 
F  30  1645- 1659  1650.54   806.51   1.65  4.15E+002   70.70   7.68E+003 
F  31  1755- 1770  1761.50   860.74   1.56  1.39E+003   77.54   8.66E+003 
F  32  1857- 1871  1864.97   911.31   1.46  7.55E+003  103.87   5.75E+003 
F  33  1905- 1917  1911.60   934.09   1.44  7.10E+002   58.92   4.50E+003 
 M 34  1967- 1991  1974.13   964.66   1.61  1.55E+003   59.17   3.11E+003 
 m 35  1967- 1991  1982.73   968.86   1.61  4.70E+003   84.44   3.02E+003 
F  36  2041- 2057  2047.87  1000.69   2.92  4.85E+002   58.03   4.20E+003 
F  37  2193- 2212  2203.00  1076.51   1.61  7.57E+004  278.96   4.91E+003 
F  38  2286- 2302  2292.24  1120.13   1.61  4.11E+003   78.72   3.80E+003 
F  39  2353- 2369  2363.39  1154.90   1.99  5.75E+002   53.66   3.85E+003 
F  40  2529- 2543  2533.53  1238.06   1.77  1.62E+003   61.99   3.42E+003 
F  41  2613- 2631  2621.04  1280.83   1.84  4.21E+002   45.05   3.22E+003 
F  42  2812- 2828  2819.07  1377.62   1.78  1.08E+003   44.19   1.65E+003 
Peak Analysis Report             18/01/2022 11:33:34               Page  2


   Peak  ROI  ROI    Peak    Energy   FWHM  Net Peak  Net Area  Continuum 
    No. start end  centroid   (keV)   (keV)  Area     Uncert.    Counts 

F  43  2830- 2841  2834.45  1385.14   1.81  2.30E+002   33.35   1.16E+003 
 M 44  2862- 2887  2867.89  1401.48   1.81  3.86E+002   33.02   1.13E+003 
 m 45  2862- 2887  2880.96  1407.87   1.82  6.90E+002   38.48   1.10E+003 
F  46  2978- 3000  2989.28  1460.82   1.83  4.42E+004  209.98   1.64E+003 
 M 47  3052- 3078  3061.00  1495.87   1.64  2.49E+002   26.23   6.42E+002 
 m 48  3052- 3078  3073.32  1501.89   1.64  1.15E+002   21.78   6.05E+002 
F  49  3079- 3093  3088.25  1509.19   1.34  4.25E+002   30.50   9.74E+002 
 M 50  3143- 3162  3149.17  1538.96   1.34  1.07E+002   20.43   4.35E+002 
 m 51  3143- 3162  3157.83  1543.20   1.34  6.76E+001   18.48   4.42E+002 
 M 52  3228- 3278  3239.19  1582.97   2.04  2.14E+002   22.86   5.43E+002 
 m 53  3228- 3278  3249.92  1588.21   2.04  9.21E+002   35.29   5.88E+002 
 m 54  3228- 3278  3259.31  1592.80   2.04  7.71E+002   32.99   5.56E+002 
 m 55  3228- 3278  3272.30  1599.15   2.04  8.07E+001   19.67   5.62E+002 
F  56  3311- 3323  3316.57  1620.79   1.66  3.71E+002   27.45   5.91E+002 
F  57  3330- 3343  3336.92  1630.74   1.91  4.56E+002   28.69   5.70E+002 
F  58  3349- 3358  3352.69  1638.45   1.93  1.15E+002   21.83   4.01E+002 
F  59  3391- 3405  3399.60  1661.37   1.78  2.57E+002   24.34   5.85E+002 
F  60  3530- 3545  3539.48  1729.75   1.95  7.30E+002   31.75   5.05E+002 
F  61  3601- 3621  3610.97  1764.69   2.02  4.08E+003   64.69   6.68E+002 
F  62  3753- 3767  3762.55  1838.79   1.40  8.62E+001   17.81   4.87E+002 
F  63  3769- 3792  3780.69  1847.66   1.94  5.24E+002   27.97   7.54E+002 

M = First peak in a multiplet region
m = Other peak in a multiplet region
F = Fitted singlet

Errors quoted at  1.000 sigma
