Peak Analysis Report             18/01/2022 11:32:48               Page  1


**************************************************************************
*****           P E A K    A N A L Y S I S    R E P O R T            *****
**************************************************************************

     Detector Name:  QUINA2                          
     Sample Title:   qprb4_100p                                        
     Peak Analysis Performed on:  18/01/2022 11:32:48   
               Peak Analysis From Channel:      1
               Peak Analysis To Channel:     4096

   Peak  ROI  ROI    Peak    Energy   FWHM  Net Peak  Net Area  Continuum 
    No. start end  centroid   (keV)   (keV)  Area     Uncert.    Counts 

F   1    79-   87    83.35    40.68   1.09  1.71E+004  185.90   2.81E+004 
 M  2   144-  160   149.14    72.82   0.97  1.30E+004  269.07   9.80E+004 
 m  3   144-  160   153.47    74.94   0.97  2.78E+004  321.73   1.01E+005 
 m  4   144-  160   157.81    77.06   0.98  7.69E+003  270.73   1.04E+005 
 M  5   168-  189   173.52    84.74   1.09  1.28E+004  335.32   1.14E+005 
 m  6   168-  189   178.66    87.24   1.09  5.91E+003  290.75   1.35E+005 
F   7   262-  269   264.41   129.15   0.91  1.79E+003  298.44   1.26E+005 
F   8   378-  386   380.53   185.89   1.14  5.30E+003  267.02   9.22E+004 
F   9   424-  434   428.36   209.26   1.14  3.71E+003  246.89   9.31E+004 
 M 10   482-  499   488.35   238.57   1.03  3.52E+004  278.07   4.83E+004 
 m 11   482-  499   494.73   241.69   1.03  6.62E+003  188.84   4.58E+004 
F  12   548-  558   552.96   270.14   1.25  3.27E+003  205.15   5.76E+004 
 M 13   559-  574   561.63   274.38   1.09  6.52E+002  154.90   3.02E+004 
 m 14   559-  574   567.41   277.21   1.09  2.09E+003  181.50   3.46E+004 
F  15   601-  610   604.10   295.13   1.05  1.40E+004  205.67   4.46E+004 
F  16   610-  620   614.02   299.98   1.00  2.59E+003  164.86   4.66E+004 
F  17   666-  674   671.25   327.95   1.14  2.53E+003  166.53   3.27E+004 
F  18   689-  695   692.34   338.25   1.10  8.79E+003  179.47   2.42E+004 
F  19   715-  727   720.15   351.84   1.13  2.68E+004  221.50   4.10E+004 
F  20   835-  840   837.78   409.33   0.94  1.24E+003  122.85   1.47E+004 
F  21   940-  952   947.46   462.92   1.32  3.48E+003  134.16   2.58E+004 
F  22  1037- 1052  1045.29   510.73   2.10  1.68E+004  190.07   2.74E+004 
   23  1147- 1156  1151.09   562.43   0.89  3.62E+002  202.09   1.51E+004 
F  24  1185- 1201  1193.40   583.11   1.27  2.17E+004  179.01   2.40E+004 
F  25  1242- 1254  1246.86   609.24   1.31  3.10E+004  202.94   1.67E+004 
F  26  1353- 1366  1361.90   665.45   1.71  1.23E+003  109.19   1.58E+004 
F  27  1468- 1476  1473.20   719.84   1.25  3.45E+002   87.16   9.30E+003 
F  28  1483- 1494  1488.30   727.22   1.42  5.28E+003  116.29   1.22E+004 
F  29  1538- 1549  1545.71   755.28   1.05  5.51E+002   79.18   1.17E+004 
 M 30  1554- 1587  1561.92   763.20   1.57  6.63E+002   79.80   9.43E+003 
 m 31  1554- 1587  1572.37   768.31   1.58  3.42E+003  105.33   1.03E+004 
 m 32  1554- 1587  1580.54   772.30   1.58  1.14E+003   84.64   1.02E+004 
F  33  1603- 1616  1608.02   785.73   1.35  1.18E+003   90.86   1.32E+004 
F  34  1617- 1634  1626.74   794.88   1.45  3.26E+003  102.42   1.60E+004 
F  35  1643- 1657  1649.79   806.14   1.36  7.72E+002   85.25   1.31E+004 
 M 36  1696- 1727  1699.81   830.59   2.20  3.02E+002   87.04   9.68E+003 
 m 37  1696- 1727  1710.32   835.73   2.20  1.35E+003   94.97   1.29E+004 
 m 38  1696- 1727  1719.11   840.02   2.20  1.38E+003   95.97   1.25E+004 
F  39  1754- 1767  1761.06   860.52   1.52  3.24E+003  101.85   1.18E+004 
F  40  1846- 1857  1850.38   904.18   1.61  5.38E+002   84.09   8.98E+003 
F  41  1857- 1873  1864.72   911.19   1.53  1.87E+004  159.03   1.22E+004 
F  42  1905- 1918  1911.54   934.07   1.41  1.99E+003   85.24   9.44E+003 
Peak Analysis Report             18/01/2022 11:32:48               Page  2


   Peak  ROI  ROI    Peak    Energy   FWHM  Net Peak  Net Area  Continuum 
    No. start end  centroid   (keV)   (keV)  Area     Uncert.    Counts 

 M 43  1966- 1988  1973.90   964.54   1.54  3.90E+003   90.49   6.39E+003 
 m 44  1966- 1988  1982.47   968.73   1.54  1.14E+004  129.61   6.77E+003 
F  45  2042- 2053  2048.21  1000.86   1.54  6.96E+002   74.17   6.89E+003 
F  46  2110- 2116  2113.33  1032.69   1.37  2.87E+002   66.68   3.98E+003 
F  47  2196- 2212  2202.75  1076.39   1.60  3.88E+004  210.77   1.00E+004 
F  48  2284- 2296  2291.90  1119.96   1.62  9.99E+003  123.97   7.44E+003 
F  49  2357- 2369  2363.05  1154.74   1.55  9.56E+002   76.90   7.58E+003 
F  50  2465- 2476  2470.18  1207.10   1.76  3.53E+002   76.71   7.19E+003 
F  51  2529- 2538  2533.21  1237.90   1.67  3.84E+003   97.04   5.98E+003 
F  52  2614- 2629  2620.95  1280.78   1.60  8.65E+002   66.58   6.64E+003 
F  53  2813- 2824  2818.73  1377.46   1.71  2.53E+003   68.15   2.85E+003 
F  54  2826- 2841  2834.71  1385.27   1.89  5.96E+002   53.00   3.89E+003 
 M 55  2857- 2887  2867.58  1401.33   1.86  8.80E+002   50.34   2.90E+003 
 m 56  2857- 2887  2880.71  1407.75   1.86  1.62E+003   60.06   2.96E+003 
F  57  2980- 2998  2988.95  1460.65   1.84  1.10E+005  330.84   3.33E+003 
 M 58  3052- 3078  3060.85  1495.80   1.73  6.84E+002   42.24   1.59E+003 
 m 59  3052- 3078  3072.60  1501.54   1.74  2.82E+002   34.94   1.63E+003 
 M 60  3083- 3105  3088.08  1509.11   1.79  1.34E+003   49.66   1.45E+003 
 m 61  3083- 3105  3095.61  1512.79   1.79  3.10E+002   33.64   1.62E+003 
 M 62  3144- 3162  3147.80  1538.30   1.88  3.27E+002   36.72   1.21E+003 
 m 63  3144- 3162  3157.52  1543.05   1.89  2.17E+002   32.89   1.39E+003 
 M 64  3229- 3279  3234.14  1580.50   1.87  3.38E+002   35.15   1.25E+003 
 m 65  3229- 3279  3239.39  1583.07   1.87  3.56E+002   35.12   1.47E+003 
 m 66  3229- 3279  3249.58  1588.05   1.88  2.14E+003   54.91   1.46E+003 
 m 67  3229- 3279  3258.76  1592.53   1.88  1.74E+003   50.97   1.45E+003 
 m 68  3229- 3279  3272.25  1599.13   1.88  1.86E+002   31.21   1.55E+003 
 M 69  3308- 3345  3316.30  1620.66   1.81  1.03E+003   42.36   1.18E+003 
 m 70  3308- 3345  3324.68  1624.76   1.81  1.70E+002   28.46   1.29E+003 
 m 71  3308- 3345  3336.42  1630.49   1.81  1.14E+003   44.02   1.20E+003 
F  72  3345- 3359  3351.80  1638.01   2.10  3.32E+002   34.21   1.38E+003 
 M 73  3395- 3414  3399.47  1661.31   1.71  5.49E+002   36.75   9.50E+002 
 m 74  3395- 3414  3410.19  1666.55   1.72  8.64E+001   25.94   9.85E+002 
F  75  3442- 3455  3446.89  1684.49   1.91  1.51E+002   30.28   1.21E+003 
F  76  3530- 3547  3538.97  1729.50   1.97  1.84E+003   50.39   1.54E+003 
F  77  3601- 3622  3610.58  1764.50   1.99  9.99E+003  101.01   1.60E+003 
F  78  3750- 3767  3761.44  1838.25   1.99  2.08E+002   29.40   1.37E+003 
F  79  3772- 3792  3780.33  1847.48   2.14  1.21E+003   41.96   1.47E+003 
F  80  3827- 3838  3833.67  1873.56   1.73  1.20E+002   26.73   8.82E+002 
F  81  4077- 4091  4085.85  1996.83   3.46  4.20E+002   22.81   4.07E+002 

M = First peak in a multiplet region
m = Other peak in a multiplet region
F = Fitted singlet

Errors quoted at  1.000 sigma
