Peak Analysis Report             4/01/2022  14:19:37               Page  1


**************************************************************************
*****           P E A K    A N A L Y S I S    R E P O R T            *****
**************************************************************************

     Detector Name:  QUINA2                          
     Sample Title:   qzn_100p                                          
     Peak Analysis Performed on:  4/01/2022  14:19:37   
               Peak Analysis From Channel:      1
               Peak Analysis To Channel:     4096

   Peak  ROI  ROI    Peak    Energy   FWHM  Net Peak  Net Area  Continuum 
    No. start end  centroid   (keV)   (keV)  Area     Uncert.    Counts 

 M  1   150-  164   154.91    72.74   0.71  2.97E+002   42.53   2.32E+003 
 m  2   150-  164   159.66    74.97   0.71  6.81E+002   58.03   2.00E+003 
F   3   175-  184   180.39    84.71   0.80  3.42E+002   55.81   4.11E+003 
F   4   503-  511   508.01   238.64   0.95  6.47E+002   45.20   2.09E+003 
F   5   625-  633   628.47   295.23   0.93  2.66E+002   37.00   1.67E+003 
F   6   713-  723   720.05   338.26   1.27  2.30E+002   34.60   1.62E+003 
F   7   742-  756   749.26   351.98   1.14  4.90E+002   37.21   2.17E+003 
F   8  1079- 1095  1087.84   511.05   2.56  3.94E+003   61.35   1.54E+003 
F   9  1238- 1247  1241.58   583.28   1.39  5.27E+002   32.57   7.71E+002 
F  10  1291- 1301  1297.13   609.38   1.43  5.94E+002   33.79   8.82E+002 
F  11  1936- 1945  1939.55   911.18   1.38  2.88E+002   31.99   9.82E+002 
F  12  1984- 1996  1988.45   934.15   1.34  1.03E+002   24.26   8.74E+002 
F  13  2058- 2070  2062.37   968.88   1.32  2.47E+002   26.26   7.37E+002 
 M 14  2364- 2391  2374.18  1115.35   1.60  3.60E+004  187.92   2.52E+002 
 m 15  2364- 2391  2384.43  1120.17   1.61  2.17E+002   16.78   1.21E+002 
F  16  2631- 2645  2635.05  1237.90   1.40  5.29E+001   12.55   1.91E+002 
F  17  2980- 2987  2984.03  1401.83   1.06  1.96E+001    6.34   2.69E+001 
F  18  3098- 3118  3109.57  1460.80   1.78  2.29E+003   47.91   7.30E+001 
 M 19  3375- 3396  3379.71  1587.69   1.12  3.17E+001    6.94   2.35E+001 
 m 20  3375- 3396  3390.53  1592.77   1.12  2.39E+001    6.36   2.99E+001 
F  21  3677- 3686  3681.77  1729.57   1.58  3.25E+001    6.93   1.73E+001 
F  22  3750- 3765  3756.28  1764.57   1.75  2.25E+002   15.71   3.84E+001 

M = First peak in a multiplet region
m = Other peak in a multiplet region
F = Fitted singlet

Errors quoted at  1.000 sigma
