Peak Analysis Report             4/01/2022  14:26:47               Page  1


**************************************************************************
*****           P E A K    A N A L Y S I S    R E P O R T            *****
**************************************************************************

     Detector Name:  QUINA2                          
     Sample Title:   qzn_30p                                           
     Peak Analysis Performed on:  4/01/2022  14:26:47   
               Peak Analysis From Channel:      1
               Peak Analysis To Channel:     4096

   Peak  ROI  ROI    Peak    Energy   FWHM  Net Peak  Net Area  Continuum 
    No. start end  centroid   (keV)   (keV)  Area     Uncert.    Counts 

F   1    80-   87    83.17    39.04   0.99  7.19E+002   36.79   1.23E+003 
 M  2   151-  164   154.94    72.76   0.87  3.77E+002   46.10   2.98E+003 
 m  3   151-  164   159.56    74.93   0.87  8.41E+002   57.27   3.02E+003 
F   4   175-  185   180.55    84.79   0.81  4.08E+002   59.64   5.09E+003 
F   5   505-  514   507.97   238.62   0.77  4.19E+002   49.96   3.86E+003 
F   6   624-  635   628.43   295.21   0.92  2.65E+002   44.56   3.54E+003 
F   7   674-  686   681.30   320.06   1.10  5.00E+002   47.50   3.70E+003 
F   8   745-  756   749.30   352.00   1.44  4.01E+002   44.39   2.80E+003 
F   9  1079- 1095  1087.78   511.03   2.56  1.09E+004   98.94   3.11E+003 
F  10  1233- 1250  1241.69   583.34   1.22  3.32E+002   36.95   2.99E+003 
F  11  1293- 1303  1297.13   609.38   1.17  3.73E+002   38.94   1.99E+003 
F  12  2059- 2071  2062.27   968.83   1.16  1.26E+002   31.33   1.65E+003 
 M 13  2363- 2392  2374.18  1115.35   1.61  1.06E+005  321.32   3.70E+002 
 m 14  2363- 2392  2384.23  1120.07   1.61  1.79E+002   15.98   1.41E+002 
F  15  2927- 2936  2932.44  1377.60   1.19  4.40E+001    8.48   4.40E+001 
F  16  3103- 3117  3109.54  1460.78   1.79  1.47E+003   38.46   5.23E+001 
F  17  3376- 3386  3380.20  1587.92   0.70  1.82E+001    5.86   4.38E+001 
F  18  3750- 3762  3756.29  1764.57   1.67  1.18E+002   11.56   2.10E+001 

M = First peak in a multiplet region
m = Other peak in a multiplet region
F = Fitted singlet

Errors quoted at  1.000 sigma
