Peak Analysis Report             30/12/2021 10:01:33               Page  1


**************************************************************************
*****           P E A K    A N A L Y S I S    R E P O R T            *****
**************************************************************************

     Detector Name:  MP2_MCA1                        
     Sample Title:   tAu06_50p                                         
     Peak Analysis Performed on:  30/12/2021 10:01:33   
               Peak Analysis From Channel:      1
               Peak Analysis To Channel:     4096

   Peak  ROI  ROI    Peak    Energy   FWHM  Net Peak  Net Area  Continuum 
    No. start end  centroid   (keV)   (keV)  Area     Uncert.    Counts 

F   1    15-   28    23.21    15.73   1.04  1.60E+003   42.78   3.15E+002 
F   2   120-  135   128.20    68.99   2.63  1.06E+003   42.82   2.10E+003 
F   3   142-  151   147.75    78.91   1.39  2.74E+002   32.84   1.32E+003 
F   4   791-  810   802.90   411.74   1.40  5.91E+004  237.21   7.95E+002 
F   5  1186- 1194  1190.40   609.00   1.52  7.19E+001   11.00   8.05E+001 
F   6  1315- 1327  1320.80   675.45   1.53  3.55E+002   19.65   1.00E+002 
F   7  1773- 1787  1781.14   910.28   2.11  7.21E+001    9.23   5.19E+001 
F   8  1891- 1901  1895.38   968.61   1.31  3.14E+001    7.27   4.00E+001 
F   9  2124- 2132  2127.30  1087.13   1.48  6.86E+001    9.02   2.51E+001 
F  10  2416- 2426  2422.77  1238.27   1.06  2.11E+001    6.32   3.38E+001 
F  11  2671- 2682  2677.08  1368.50   1.67  3.81E+001    6.74   2.10E+001 
F  12  2850- 2865  2858.14  1461.29   2.08  4.67E+002   19.79   2.98E+001 
F  13  3446- 3458  3452.86  1766.52   2.05  5.57E+001    7.15   8.06E+000 

M = First peak in a multiplet region
m = Other peak in a multiplet region
F = Fitted singlet

Errors quoted at  1.000 sigma
