Peak Analysis Report             30/12/2021 09:23:53               Page  1


**************************************************************************
*****           P E A K    A N A L Y S I S    R E P O R T            *****
**************************************************************************

     Detector Name:  MP2_MCA1                        
     Sample Title:   tAu06_185p                                        
     Peak Analysis Performed on:  30/12/2021 09:23:53   
               Peak Analysis From Channel:      1
               Peak Analysis To Channel:     4096

   Peak  ROI  ROI    Peak    Energy   FWHM  Net Peak  Net Area  Continuum 
    No. start end  centroid   (keV)   (keV)  Area     Uncert.    Counts 

F   1    20-   26    23.33    15.80   0.92  1.62E+003   43.70   2.58E+002 
F   2   120-  132   127.65    68.71   2.84  4.15E+002   34.75   1.53E+003 
F   3   169-  179   173.09    91.77   1.38  2.54E+002   33.14   1.60E+003 
F   4   350-  363   358.51   185.89   0.74  1.65E+002   47.76   3.00E+003 
F   5   683-  692   685.96   352.28   1.02  1.89E+002   26.18   9.19E+002 
F   6   794-  811   803.19   411.89   1.41  2.80E+004  163.95   9.94E+002 
F   7   991- 1007   997.92   510.98   2.25  5.09E+002   25.64   5.60E+002 
F   8  1135- 1144  1139.49   583.07   1.48  1.57E+002   17.11   2.39E+002 
F   9  1186- 1197  1190.71   609.16   1.53  2.82E+002   19.98   2.46E+002 
F  10  1315- 1328  1321.17   675.64   1.60  2.10E+002   17.13   2.33E+002 
F  11  1774- 1787  1782.22   910.83   1.80  1.62E+002   15.11   1.80E+002 
F  12  1891- 1903  1895.97   968.92   1.72  1.03E+002   13.32   1.72E+002 
F  13  2188- 2198  2192.03  1120.22   1.60  9.22E+001   12.40   1.22E+002 
F  14  2693- 2702  2696.58  1378.49   1.45  3.03E+001    8.11   6.03E+001 
F  15  2850- 2867  2859.15  1461.80   2.02  1.32E+003   34.01   7.86E+001 
F  16  3104- 3113  3108.35  1589.62   1.38  2.03E+001    6.25   3.30E+001 
F  17  3446- 3460  3454.04  1767.12   2.22  1.67E+002   12.33   4.13E+001 

M = First peak in a multiplet region
m = Other peak in a multiplet region
F = Fitted singlet

Errors quoted at  1.000 sigma
