Peak Analysis Report             31/01/2022 12:35:05               Page  1


**************************************************************************
*****           P E A K    A N A L Y S I S    R E P O R T            *****
**************************************************************************

     Detector Name:  MP2_MCA1                        
     Sample Title:   t_Co1_50p                                         
     Peak Analysis Performed on:  31/01/2022 12:35:05   
               Peak Analysis From Channel:     41
               Peak Analysis To Channel:     4096

   Peak  ROI  ROI    Peak    Energy   FWHM  Net Peak  Net Area  Continuum 
    No. start end  centroid   (keV)   (keV)  Area     Uncert.    Counts 

F   1    92-  110   101.79    58.31   1.46  1.16E+005  341.81   1.83E+004 
F   2   989- 1004   994.22   510.74   2.17  1.74E+002   16.94   3.31E+002 
F   3  1605- 1620  1610.40   825.54   1.60  4.59E+002   24.58   3.99E+002 
F   4  1643- 1660  1650.68   846.16   1.88  5.48E+002   25.38   3.98E+002 
F   5  2282- 2299  2288.86  1173.17   2.01  9.95E+002   31.77   4.35E+002 
F   6  2586- 2615  2600.04  1332.97   2.07  1.68E+004  118.35   4.23E+002 
F   7  2663- 2680  2670.56  1369.21   2.03  6.79E+002   25.47   2.10E+002 
F   8  3197- 3214  3206.13  1644.83   2.17  4.18E+002   18.70   5.37E+001 
F   9  3526- 3541  3534.35  1814.06   2.06  7.69E+001    8.52   2.60E+001 

M = First peak in a multiplet region
m = Other peak in a multiplet region
F = Fitted singlet

Errors quoted at  1.000 sigma
