Peak Analysis Report             30/12/2021 10:05:17               Page  1


**************************************************************************
*****           P E A K    A N A L Y S I S    R E P O R T            *****
**************************************************************************

     Detector Name:  MP2_MCA1                        
     Sample Title:   tcr_50p                                           
     Peak Analysis Performed on:  30/12/2021 10:05:17   
               Peak Analysis From Channel:      1
               Peak Analysis To Channel:     4096

   Peak  ROI  ROI    Peak    Energy   FWHM  Net Peak  Net Area  Continuum 
    No. start end  centroid   (keV)   (keV)  Area     Uncert.    Counts 

F   1    15-   27    23.63    16.32   1.10  5.31E+004  241.55   7.10E+003 
F   2   117-  132   126.03    68.22   2.07  2.02E+003  167.48   6.15E+004 
F   3   133-  148   142.62    76.63   1.69  1.29E+003  159.70   6.17E+004 
F   4   166-  177   173.45    92.27   1.40  2.03E+003  165.68   5.06E+004 
F   5   188-  199   194.65   103.01   1.23  1.44E+004  201.74   5.56E+004 
F   6   459-  473   462.98   239.17   1.42  1.68E+003  149.47   5.17E+004 
F   7   567-  577   574.05   295.58   1.36  8.11E+002  128.88   2.94E+004 
F   8   612-  633   623.10   320.50   1.35  1.81E+006 1318.27   3.81E+004 
F   9   655-  668   658.95   338.71   1.04  3.72E+002   65.61   1.06E+004 
F  10   679-  691   685.68   352.29   1.54  2.15E+003   78.83   8.93E+003 
F  11   796-  814   803.08   411.97   1.66  5.28E+002   62.65   1.05E+004 
F  12   853-  860   855.72   438.74   0.98  1.79E+002   52.89   4.11E+003 
F  13   985- 1007   997.80   511.01   2.54  1.18E+004  111.81   9.56E+003 
 M 14  1068- 1111  1082.76   554.25   1.52  2.70E+003   68.99   4.14E+003 
 m 15  1068- 1111  1092.24   559.08   1.52  1.78E+002   44.49   4.10E+003 
 m 16  1068- 1111  1101.90   564.00   1.53  1.37E+003   57.69   4.06E+003 
F  17  1131- 1150  1139.26   583.01   1.63  1.38E+003   58.42   6.89E+003 
F  18  1186- 1197  1190.64   609.18   1.56  2.62E+003   67.60   4.10E+003 
F  19  1204- 1214  1209.70   618.88   1.48  1.47E+003   58.16   3.60E+003 
F  20  1359- 1373  1365.20   698.11   1.55  8.62E+002   49.71   4.10E+003 
F  21  1415- 1427  1421.87   727.00   1.10  2.84E+002   41.28   3.48E+003 
F  22  1508- 1524  1518.27   776.15   1.67  2.53E+003   62.86   4.43E+003 
F  23  1611- 1624  1618.79   827.42   1.73  6.80E+002   46.63   3.42E+003 
   24  1680- 1686  1683.08   860.22   1.25  1.05E+002   59.39   1.80E+003 
F  25  1770- 1788  1782.17   910.80   1.71  1.47E+003   52.79   4.34E+003 
 M 26  1878- 1901  1886.66   964.16   1.80  3.61E+002   40.13   2.99E+003 
 m 27  1878- 1901  1895.33   968.59   1.80  9.21E+002   47.95   3.00E+003 
F  28  1952- 1965  1958.42  1000.81   2.68  3.29E+002   43.60   3.17E+003 
F  29  2036- 2053  2042.58  1043.82   1.63  7.27E+002   46.41   4.34E+003 
 M 30  2167- 2198  2182.23  1115.22   1.93  6.09E+002   46.41   3.86E+003 
 m 31  2167- 2198  2191.77  1120.09   1.93  1.23E+003   54.31   4.25E+003 
F  32  2257- 2268  2260.07  1155.03   1.83  2.14E+002   43.04   2.89E+003 
F  33  2287- 2304  2295.40  1173.10   1.89  1.00E+003   48.30   4.00E+003 
F  34  2414- 2429  2422.80  1238.30   2.09  5.86E+002   40.52   2.70E+003 
F  35  2570- 2583  2578.06  1317.80   1.97  6.97E+002   36.36   1.52E+003 
F  36  2600- 2615  2607.49  1332.88   2.09  8.44E+002   37.56   1.64E+003 
F  37  2663- 2689  2678.27  1369.15   2.03  7.94E+004  259.60   2.69E+003 
F  38  2689- 2705  2696.06  1378.26   1.94  3.20E+002   29.46   1.51E+003 
 M 39  2737- 2759  2742.74  1402.19   1.65  1.14E+002   23.42   8.64E+002 
 m 40  2737- 2759  2755.41  1408.68   1.65  2.07E+002   26.75   9.19E+002 
F  41  2847- 2869  2858.89  1461.74   2.11  1.38E+004  109.26   1.64E+003 
F  42  2877- 2898  2886.78  1476.04   2.12  4.63E+002   28.12   1.26E+003 
Peak Analysis Report             30/12/2021 10:05:17               Page  2


   Peak  ROI  ROI    Peak    Energy   FWHM  Net Peak  Net Area  Continuum 
    No. start end  centroid   (keV)   (keV)  Area     Uncert.    Counts 

F  43  2948- 2966  2953.49  1510.26   2.06  1.92E+002   23.42   1.07E+003 
F  44  2976- 2988  2984.23  1526.03   1.60  1.15E+002   21.90   7.67E+002 
F  45  3103- 3113  3108.18  1589.65   1.57  2.05E+002   24.51   7.23E+002 
F  46  3169- 3177  3172.67  1622.76   1.75  1.05E+002   21.37   5.22E+002 
F  47  3378- 3399  3389.57  1734.19   2.59  1.68E+003   42.05   1.29E+003 
F  48  3439- 3462  3453.70  1767.15   2.29  1.64E+003   41.65   1.31E+003 
F  49  3604- 3622  3615.57  1850.40   2.70  1.73E+002   24.55   1.06E+003 

M = First peak in a multiplet region
m = Other peak in a multiplet region
F = Fitted singlet

Errors quoted at  1.000 sigma
