Peak Analysis Report             30/12/2021 09:23:06               Page  1


**************************************************************************
*****           P E A K    A N A L Y S I S    R E P O R T            *****
**************************************************************************

     Detector Name:  MP2_MCA1                        
     Sample Title:   tcr_185p                                          
     Peak Analysis Performed on:  30/12/2021 09:23:06   
               Peak Analysis From Channel:      1
               Peak Analysis To Channel:     4096

   Peak  ROI  ROI    Peak    Energy   FWHM  Net Peak  Net Area  Continuum 
    No. start end  centroid   (keV)   (keV)  Area     Uncert.    Counts 

F   1    19-   28    23.15    16.07   0.92  6.87E+003   86.13   5.18E+002 
F   2   167-  182   173.09    92.08   1.42  3.97E+002   42.13   3.83E+003 
F   3   187-  199   194.53   102.95   1.02  2.35E+002   41.02   3.51E+003 
F   4   565-  577   573.86   295.48   1.23  1.51E+002   36.01   2.62E+003 
F   5   614-  633   622.92   320.40   1.34  3.95E+004  196.70   2.85E+003 
F   6   656-  662   659.32   338.90   0.69  7.76E+001   31.87   7.13E+002 
F   7   679-  690   685.32   352.11   1.46  3.33E+002   29.61   1.12E+003 
F   8   987- 1006   997.57   510.90   2.48  1.52E+003   40.03   1.05E+003 
F   9  1079- 1088  1083.14   554.45   1.41  1.00E+002   19.24   4.65E+002 
F  10  1132- 1147  1139.11   582.94   1.63  2.41E+002   21.99   6.38E+002 
F  11  1183- 1197  1190.40   609.06   1.29  4.35E+002   26.28   6.48E+002 
F  12  1515- 1524  1518.25   776.14   1.49  9.71E+001   16.46   3.02E+002 
F  13  1775- 1787  1781.96   910.69   1.68  2.58E+002   19.30   2.97E+002 
F  14  1890- 1900  1895.00   968.42   1.20  1.28E+002   16.70   3.06E+002 
F  15  1948- 1961  1957.73  1000.46   1.29  6.52E+001   13.74   2.99E+002 
F  16  2187- 2200  2191.67  1120.04   1.57  2.05E+002   18.73   3.61E+002 
F  17  2667- 2686  2677.98  1369.00   2.02  3.40E+003   54.30   2.26E+002 
F  18  2847- 2868  2858.58  1461.58   2.10  2.26E+003   43.95   1.63E+002 
F  19  3446- 3459  3453.58  1767.09   1.99  2.22E+002   14.92   8.28E+001 
F  20  3607- 3623  3615.92  1850.58   1.80  5.71E+001    8.42   5.73E+001 

M = First peak in a multiplet region
m = Other peak in a multiplet region
F = Fitted singlet

Errors quoted at  1.000 sigma
