Peak Analysis Report             29/12/2021 11:45:52               Page  1


**************************************************************************
*****           P E A K    A N A L Y S I S    R E P O R T            *****
**************************************************************************

     Detector Name:  MP2_MCA1                        
     Sample Title:   tdy1_185p                                         
     Peak Analysis Performed on:  29/12/2021 11:45:52   
               Peak Analysis From Channel:      1
               Peak Analysis To Channel:     4096

   Peak  ROI  ROI    Peak    Energy   FWHM  Net Peak  Net Area  Continuum 
    No. start end  centroid   (keV)   (keV)  Area     Uncert.    Counts 

F   1    13-   24    21.07    15.02   0.88  7.20E+003   99.80   2.71E+003 
F   2    69-   84    78.18    43.96   1.92  6.15E+004  261.34   3.49E+004 
F   3    85-  101    93.04    51.49   1.86  3.29E+004  206.47   3.50E+004 
F   4   167-  186   176.84    93.98   1.26  2.97E+005  553.63   6.26E+004 
 M  5   214-  233   217.70   114.70   0.97  5.63E+002   73.48   7.70E+003 
 m  6   214-  233   226.64   119.24   0.98  5.25E+002   71.39   7.58E+003 
    7   292-  303   294.40   153.61   1.64  4.09E+002  177.22   1.23E+004 
F   8   498-  510   503.52   259.76   1.41  1.54E+003   73.05   8.49E+003 
F   9   534-  554   543.28   279.95   1.34  4.45E+004  214.86   1.17E+004 
F  10   698-  715   704.30   361.75   1.40  6.91E+004  260.83   6.67E+003 
F  11   783-  793   789.86   405.25   1.33  7.46E+002   49.09   3.09E+003 
F  12   882-  896   889.65   455.99   1.45  3.07E+003   66.22   3.61E+003 
F  13   927-  943   935.85   479.49   1.46  3.05E+003   64.98   3.73E+003 
F  14   951-  961   955.61   489.55   1.62  2.90E+002   39.33   2.29E+003 
F  15   994- 1014  1006.11   515.24   1.53  2.62E+003   60.77   4.25E+003 
 M 16  1052- 1078  1055.10   540.18   1.51  4.22E+002   35.36   1.21E+003 
 m 17  1052- 1078  1065.73   545.59   1.52  1.09E+004  105.46   1.59E+003 
F  18  1092- 1112  1104.69   565.42   1.55  8.64E+003   93.72   2.48E+003 
F  19  1118- 1132  1124.04   575.27   1.53  4.95E+003   72.88   1.66E+003 
F  20  1143- 1158  1149.43   588.19   1.17  1.77E+002   26.48   1.51E+003 
F  21  1185- 1199  1192.01   609.88   1.69  3.86E+002   29.38   1.20E+003 
F  22  1199- 1219  1212.42   620.27   1.56  6.09E+003   78.35   1.68E+003 
F  23  1227- 1250  1237.48   633.04   1.62  3.61E+004  183.24   1.85E+003 
F  24  1279- 1298  1289.78   659.68   1.62  1.70E+003   43.85   1.09E+003 
F  25  1348- 1368  1356.39   693.62   1.61  7.59E+002   31.13   8.33E+002 
F  26  1385- 1410  1398.10   714.88   1.67  3.19E+004  171.24   1.33E+003 
F  27  1413- 1426  1418.03   725.04   1.63  8.48E+002   33.18   6.71E+002 
F  28  1595- 1611  1603.55   819.64   1.80  5.06E+002   25.01   4.02E+002 
F  29  1757- 1767  1760.66   899.82   1.71  1.85E+002   16.13   1.71E+002 
F  30  1921- 1931  1926.50   984.51   1.77  2.98E+002   18.17   1.25E+002 
F  31  1937- 1953  1946.41   994.68   1.78  3.01E+003   52.31   1.75E+002 
F  32  2054- 2076  2065.30  1055.43   1.83  1.59E+003   38.06   1.21E+002 
F  33  2100- 2122  2112.15  1079.38   1.85  4.59E+003   63.71   1.58E+002 
F  34  2131- 2143  2136.03  1091.59   1.25  3.50E+001    8.16   7.48E+001 
F  35  2671- 2687  2678.75  1369.39   1.95  2.29E+002   14.46   3.99E+001 
F  36  2851- 2866  2859.01  1461.80   2.09  2.20E+002   13.58   1.81E+001 
F  37  3208- 3221  3215.45  1644.73   2.07  1.03E+002    9.62   1.75E+001 

M = First peak in a multiplet region
m = Other peak in a multiplet region
F = Fitted singlet

Errors quoted at  1.000 sigma
