Peak Analysis Report             30/12/2021 10:01:46               Page  1


**************************************************************************
*****           P E A K    A N A L Y S I S    R E P O R T            *****
**************************************************************************

     Detector Name:  MP2_MCA1                        
     Sample Title:   tdy1_50p                                          
     Peak Analysis Performed on:  30/12/2021 10:01:46   
               Peak Analysis From Channel:      1
               Peak Analysis To Channel:     4096

   Peak  ROI  ROI    Peak    Energy   FWHM  Net Peak  Net Area  Continuum 
    No. start end  centroid   (keV)   (keV)  Area     Uncert.    Counts 

F   1    13-   24    21.52    15.25   0.90  1.11E+004  121.08   3.05E+003 
F   2    69-   84    78.17    43.95   1.90  7.64E+004  291.10   4.32E+004 
F   3    85-  101    93.00    51.47   1.82  4.27E+004  234.07   4.32E+004 
F   4   167-  186   176.76    93.94   1.30  4.42E+005  668.42   6.31E+004 
 M  5   213-  231   217.70   114.70   1.19  7.78E+002   82.37   1.10E+004 
 m  6   213-  231   226.40   119.12   1.20  6.82E+002   79.36   9.42E+003 
F   7   258-  277   268.33   140.39   3.37  1.04E+003  102.86   2.12E+004 
F   8   288-  304   294.93   153.88   1.41  7.76E+002   81.00   1.68E+004 
F   9   498-  510   503.54   259.77   1.39  1.43E+003   69.06   7.48E+003 
F  10   533-  553   543.27   279.94   1.39  5.13E+004  229.19   1.15E+004 
 M 11   689-  715   695.01   357.03   1.44  1.83E+002   47.46   4.49E+003 
 m 12   689-  715   704.31   361.76   1.44  7.60E+004  274.08   4.45E+003 
F  13   786-  794   790.15   405.39   1.26  7.59E+002   51.28   2.94E+003 
F  14   881-  901   889.72   456.03   1.54  3.16E+003   67.67   5.50E+003 
F  15   929-  942   935.82   479.48   1.53  3.29E+003   67.02   3.17E+003 
F  16   952-  964   955.35   489.41   1.29  2.01E+002   38.42   2.91E+003 
F  17   994- 1012  1006.21   515.29   1.54  2.66E+003   61.90   4.12E+003 
 M 18  1049- 1078  1055.44   540.35   1.57  3.92E+002   35.39   1.92E+003 
 m 19  1049- 1078  1065.82   545.63   1.57  1.12E+004  106.98   1.80E+003 
F  20  1094- 1117  1104.81   565.48   1.61  8.92E+003   96.35   3.93E+003 
F  21  1118- 1136  1124.11   575.30   1.58  5.27E+003   76.24   2.70E+003 
F  22  1145- 1162  1149.83   588.40   1.63  1.86E+002   30.21   2.09E+003 
F  23  1188- 1200  1192.45   610.10   1.51  3.64E+002   31.00   1.30E+003 
F  24  1203- 1224  1212.53   620.33   1.66  6.11E+003   78.93   2.28E+003 
F  25  1224- 1250  1237.59   633.09   1.66  3.78E+004  188.05   3.62E+003 
F  26  1282- 1296  1289.87   659.72   1.63  1.63E+003   45.92   1.44E+003 
F  27  1350- 1365  1356.55   693.70   1.75  7.18E+002   33.14   1.13E+003 
F  28  1388- 1411  1398.23   714.94   1.70  3.33E+004  175.71   2.41E+003 
F  29  1413- 1426  1418.12   725.08   1.61  8.95E+002   38.70   1.45E+003 
F  30  1599- 1608  1603.73   819.74   1.68  4.83E+002   27.54   4.95E+002 
F  31  1650- 1660  1655.97   846.39   1.66  2.49E+002   23.13   5.17E+002 
F  32  1747- 1769  1760.83   899.91   1.51  2.69E+002   22.44   8.50E+002 
F  33  1811- 1816  1813.73   926.91   1.28  5.62E+001   14.09   1.53E+002 
F  34  1917- 1930  1926.75   984.64   1.71  2.97E+002   21.12   3.76E+002 
F  35  1934- 1960  1946.52   994.73   1.90  4.66E+003   64.89   6.17E+002 
F  36  2053- 2074  2065.53  1055.55   1.88  1.69E+003   39.43   2.07E+002 
F  37  2101- 2126  2112.30  1079.46   1.93  4.77E+003   64.88   3.24E+002 
F  38  2669- 2687  2678.62  1369.33   1.97  5.57E+002   22.14   3.33E+001 
F  39  2851- 2864  2859.40  1462.00   1.76  8.85E+001    9.34   2.06E+001 
F  40  3540- 3551  3545.70  1814.46   1.99  4.33E+001    6.71   1.50E+001 

M = First peak in a multiplet region
m = Other peak in a multiplet region
F = Fitted singlet
Peak Analysis Report             30/12/2021 10:01:46               Page  2


Errors quoted at  1.000 sigma
