Peak Analysis Report             31/01/2022 13:06:06               Page  1


**************************************************************************
*****           P E A K    A N A L Y S I S    R E P O R T            *****
**************************************************************************

     Detector Name:  MP2_MCA1                        
     Sample Title:   ttc_185p                                          
     Peak Analysis Performed on:  31/01/2022 13:06:06   
               Peak Analysis From Channel:      1
               Peak Analysis To Channel:     4096

   Peak  ROI  ROI    Peak    Energy   FWHM  Net Peak  Net Area  Continuum 
    No. start end  centroid   (keV)   (keV)  Area     Uncert.    Counts 

F   1    16-   24    20.95    15.25   0.90  2.09E+002   18.22   1.05E+002 
F   2   261-  277   267.58   140.61   1.21  5.82E+004  241.89   3.27E+003 
F   3  2180- 2190  2184.16  1120.36   1.25  1.86E+001    5.43   2.18E+001 
F   4  2841- 2856  2849.88  1462.96   1.94  2.33E+002   13.78   6.15E+000 
F   5  3440- 3449  3444.00  1769.71   1.52  1.91E+001    4.57   6.85E+000 

M = First peak in a multiplet region
m = Other peak in a multiplet region
F = Fitted singlet

Errors quoted at  1.000 sigma
